{"/Users/seancotter/Desktop/dev/learning/tsfw/src/core/clsx.ts": {"path":"/Users/seancotter/Desktop/dev/learning/tsfw/src/core/clsx.ts","all":false,"statementMap":{"24":{"start":{"line":25,"column":0},"end":{"line":25,"column":38}},"25":{"start":{"line":26,"column":0},"end":{"line":26,"column":15}},"27":{"start":{"line":28,"column":0},"end":{"line":28,"column":74}},"28":{"start":{"line":29,"column":0},"end":{"line":29,"column":15}},"29":{"start":{"line":30,"column":0},"end":{"line":30,"column":34}},"30":{"start":{"line":31,"column":0},"end":{"line":31,"column":29}},"31":{"start":{"line":32,"column":0},"end":{"line":32,"column":33}},"32":{"start":{"line":33,"column":0},"end":{"line":33,"column":19}},"33":{"start":{"line":34,"column":0},"end":{"line":34,"column":28}},"34":{"start":{"line":35,"column":0},"end":{"line":35,"column":22}},"35":{"start":{"line":36,"column":0},"end":{"line":36,"column":7}},"36":{"start":{"line":37,"column":0},"end":{"line":37,"column":5}},"37":{"start":{"line":38,"column":0},"end":{"line":38,"column":55}},"38":{"start":{"line":39,"column":0},"end":{"line":39,"column":55}},"39":{"start":{"line":40,"column":0},"end":{"line":40,"column":50}},"40":{"start":{"line":41,"column":0},"end":{"line":41,"column":28}},"41":{"start":{"line":42,"column":0},"end":{"line":42,"column":19}},"42":{"start":{"line":43,"column":0},"end":{"line":43,"column":7}},"43":{"start":{"line":44,"column":0},"end":{"line":44,"column":5}},"44":{"start":{"line":45,"column":0},"end":{"line":45,"column":3}},"46":{"start":{"line":47,"column":0},"end":{"line":47,"column":13}},"47":{"start":{"line":48,"column":0},"end":{"line":48,"column":1}},"49":{"start":{"line":50,"column":0},"end":{"line":50,"column":50}},"50":{"start":{"line":51,"column":0},"end":{"line":51,"column":15}},"52":{"start":{"line":53,"column":0},"end":{"line":53,"column":27}},"53":{"start":{"line":54,"column":0},"end":{"line":54,"column":30}},"54":{"start":{"line":55,"column":0},"end":{"line":55,"column":17}},"55":{"start":{"line":56,"column":0},"end":{"line":56,"column":26}},"56":{"start":{"line":57,"column":0},"end":{"line":57,"column":20}},"57":{"start":{"line":58,"column":0},"end":{"line":58,"column":5}},"58":{"start":{"line":59,"column":0},"end":{"line":59,"column":3}},"60":{"start":{"line":61,"column":0},"end":{"line":61,"column":13}},"61":{"start":{"line":62,"column":0},"end":{"line":62,"column":1}}},"s":{"24":58,"25":58,"27":58,"28":29,"29":29,"30":11,"31":29,"32":29,"33":24,"34":24,"35":24,"36":29,"37":29,"38":11,"39":17,"40":11,"41":11,"42":11,"43":17,"44":11,"46":58,"47":58,"49":1,"50":15,"52":15,"53":29,"54":29,"55":24,"56":24,"57":24,"58":29,"60":15,"61":15},"branchMap":{"0":{"type":"branch","line":25,"loc":{"start":{"line":25,"column":0},"end":{"line":48,"column":1}},"locations":[{"start":{"line":25,"column":0},"end":{"line":48,"column":1}}]},"1":{"type":"branch","line":28,"loc":{"start":{"line":28,"column":21},"end":{"line":28,"column":73}},"locations":[{"start":{"line":28,"column":21},"end":{"line":28,"column":73}}]},"2":{"type":"branch","line":28,"loc":{"start":{"line":28,"column":49},"end":{"line":28,"column":73}},"locations":[{"start":{"line":28,"column":49},"end":{"line":28,"column":73}}]},"3":{"type":"branch","line":28,"loc":{"start":{"line":28,"column":73},"end":{"line":45,"column":3}},"locations":[{"start":{"line":28,"column":73},"end":{"line":45,"column":3}}]},"4":{"type":"branch","line":30,"loc":{"start":{"line":30,"column":33},"end":{"line":38,"column":13}},"locations":[{"start":{"line":30,"column":33},"end":{"line":38,"column":13}}]},"5":{"type":"branch","line":31,"loc":{"start":{"line":31,"column":28},"end":{"line":37,"column":5}},"locations":[{"start":{"line":31,"column":28},"end":{"line":37,"column":5}}]},"6":{"type":"branch","line":33,"loc":{"start":{"line":33,"column":18},"end":{"line":36,"column":7}},"locations":[{"start":{"line":33,"column":18},"end":{"line":36,"column":7}}]},"7":{"type":"branch","line":34,"loc":{"start":{"line":34,"column":8},"end":{"line":34,"column":28}},"locations":[{"start":{"line":34,"column":8},"end":{"line":34,"column":28}}]},"8":{"type":"branch","line":38,"loc":{"start":{"line":38,"column":2},"end":{"line":45,"column":3}},"locations":[{"start":{"line":38,"column":2},"end":{"line":45,"column":3}}]},"9":{"type":"branch","line":38,"loc":{"start":{"line":38,"column":28},"end":{"line":38,"column":54}},"locations":[{"start":{"line":38,"column":28},"end":{"line":38,"column":54}}]},"10":{"type":"branch","line":38,"loc":{"start":{"line":38,"column":54},"end":{"line":45,"column":3}},"locations":[{"start":{"line":38,"column":54},"end":{"line":45,"column":3}}]},"11":{"type":"branch","line":39,"loc":{"start":{"line":39,"column":54},"end":{"line":44,"column":5}},"locations":[{"start":{"line":39,"column":54},"end":{"line":44,"column":5}}]},"12":{"type":"branch","line":40,"loc":{"start":{"line":40,"column":49},"end":{"line":43,"column":7}},"locations":[{"start":{"line":40,"column":49},"end":{"line":43,"column":7}}]},"13":{"type":"branch","line":41,"loc":{"start":{"line":41,"column":8},"end":{"line":41,"column":28}},"locations":[{"start":{"line":41,"column":8},"end":{"line":41,"column":28}}]},"14":{"type":"branch","line":50,"loc":{"start":{"line":50,"column":7},"end":{"line":62,"column":1}},"locations":[{"start":{"line":50,"column":7},"end":{"line":62,"column":1}}]},"15":{"type":"branch","line":53,"loc":{"start":{"line":53,"column":26},"end":{"line":59,"column":3}},"locations":[{"start":{"line":53,"column":26},"end":{"line":59,"column":3}}]},"16":{"type":"branch","line":55,"loc":{"start":{"line":55,"column":16},"end":{"line":58,"column":5}},"locations":[{"start":{"line":55,"column":16},"end":{"line":58,"column":5}}]},"17":{"type":"branch","line":56,"loc":{"start":{"line":56,"column":6},"end":{"line":56,"column":26}},"locations":[{"start":{"line":56,"column":6},"end":{"line":56,"column":26}}]}},"b":{"0":[58],"1":[32],"2":[5],"3":[29],"4":[11],"5":[29],"6":[24],"7":[13],"8":[18],"9":[13],"10":[11],"11":[17],"12":[11],"13":[2],"14":[15],"15":[29],"16":[24],"17":[10]},"fnMap":{"0":{"name":"toVal","decl":{"start":{"line":25,"column":0},"end":{"line":48,"column":1}},"loc":{"start":{"line":25,"column":0},"end":{"line":48,"column":1}},"line":25},"1":{"name":"clsx","decl":{"start":{"line":50,"column":7},"end":{"line":62,"column":1}},"loc":{"start":{"line":50,"column":7},"end":{"line":62,"column":1}},"line":50}},"f":{"0":58,"1":15}}
,"/Users/seancotter/Desktop/dev/learning/tsfw/src/core/jsx.ts": {"path":"/Users/seancotter/Desktop/dev/learning/tsfw/src/core/jsx.ts","all":false,"statementMap":{"0":{"start":{"line":1,"column":0},"end":{"line":1,"column":20}},"1":{"start":{"line":2,"column":0},"end":{"line":2,"column":47}},"2":{"start":{"line":3,"column":0},"end":{"line":3,"column":18}},"3":{"start":{"line":4,"column":0},"end":{"line":4,"column":20}},"4":{"start":{"line":5,"column":0},"end":{"line":5,"column":16}},"5":{"start":{"line":6,"column":0},"end":{"line":6,"column":35}},"6":{"start":{"line":7,"column":0},"end":{"line":7,"column":40}},"7":{"start":{"line":8,"column":0},"end":{"line":8,"column":3}},"9":{"start":{"line":10,"column":0},"end":{"line":10,"column":47}},"11":{"start":{"line":12,"column":0},"end":{"line":12,"column":32}},"13":{"start":{"line":14,"column":0},"end":{"line":14,"column":57}},"14":{"start":{"line":15,"column":0},"end":{"line":15,"column":62}},"15":{"start":{"line":16,"column":0},"end":{"line":16,"column":80}},"16":{"start":{"line":17,"column":0},"end":{"line":17,"column":66}},"17":{"start":{"line":18,"column":0},"end":{"line":18,"column":12}},"18":{"start":{"line":19,"column":0},"end":{"line":19,"column":47}},"19":{"start":{"line":20,"column":0},"end":{"line":20,"column":5}},"20":{"start":{"line":21,"column":0},"end":{"line":21,"column":3}},"22":{"start":{"line":23,"column":0},"end":{"line":23,"column":48}},"23":{"start":{"line":24,"column":0},"end":{"line":24,"column":19}},"24":{"start":{"line":25,"column":0},"end":{"line":25,"column":76}},"25":{"start":{"line":26,"column":0},"end":{"line":26,"column":6}},"26":{"start":{"line":27,"column":0},"end":{"line":27,"column":3}},"28":{"start":{"line":29,"column":0},"end":{"line":29,"column":17}},"29":{"start":{"line":30,"column":0},"end":{"line":30,"column":1}}},"s":{"0":1,"1":34,"2":34,"3":34,"4":34,"5":34,"6":1,"7":1,"9":33,"11":34,"13":34,"14":3,"15":1,"16":1,"17":3,"18":2,"19":2,"20":3,"22":33,"23":41,"24":41,"25":41,"26":41,"28":33,"29":33},"branchMap":{"0":{"type":"branch","line":1,"loc":{"start":{"line":1,"column":7},"end":{"line":30,"column":1}},"locations":[{"start":{"line":1,"column":7},"end":{"line":30,"column":1}}]},"1":{"type":"branch","line":6,"loc":{"start":{"line":6,"column":34},"end":{"line":8,"column":3}},"locations":[{"start":{"line":6,"column":34},"end":{"line":8,"column":3}}]},"2":{"type":"branch","line":8,"loc":{"start":{"line":8,"column":2},"end":{"line":12,"column":29}},"locations":[{"start":{"line":8,"column":2},"end":{"line":12,"column":29}}]},"3":{"type":"branch","line":12,"loc":{"start":{"line":12,"column":20},"end":{"line":12,"column":32}},"locations":[{"start":{"line":12,"column":20},"end":{"line":12,"column":32}}]},"4":{"type":"branch","line":14,"loc":{"start":{"line":14,"column":56},"end":{"line":21,"column":3}},"locations":[{"start":{"line":14,"column":56},"end":{"line":21,"column":3}}]},"5":{"type":"branch","line":15,"loc":{"start":{"line":15,"column":27},"end":{"line":15,"column":61}},"locations":[{"start":{"line":15,"column":27},"end":{"line":15,"column":61}}]},"6":{"type":"branch","line":15,"loc":{"start":{"line":15,"column":61},"end":{"line":18,"column":11}},"locations":[{"start":{"line":15,"column":61},"end":{"line":18,"column":11}}]},"7":{"type":"branch","line":18,"loc":{"start":{"line":18,"column":4},"end":{"line":20,"column":5}},"locations":[{"start":{"line":18,"column":4},"end":{"line":20,"column":5}}]},"8":{"type":"branch","line":21,"loc":{"start":{"line":21,"column":2},"end":{"line":30,"column":1}},"locations":[{"start":{"line":21,"column":2},"end":{"line":30,"column":1}}]},"9":{"type":"branch","line":23,"loc":{"start":{"line":23,"column":47},"end":{"line":27,"column":3}},"locations":[{"start":{"line":23,"column":47},"end":{"line":27,"column":3}}]},"10":{"type":"branch","line":25,"loc":{"start":{"line":25,"column":23},"end":{"line":25,"column":38}},"locations":[{"start":{"line":25,"column":23},"end":{"line":25,"column":38}}]},"11":{"type":"branch","line":25,"loc":{"start":{"line":25,"column":30},"end":{"line":25,"column":76}},"locations":[{"start":{"line":25,"column":30},"end":{"line":25,"column":76}}]}},"b":{"0":[34],"1":[1],"2":[33],"3":[26],"4":[3],"5":[1],"6":[1],"7":[2],"8":[33],"9":[41],"10":[17],"11":[24]},"fnMap":{"0":{"name":"jsx","decl":{"start":{"line":1,"column":7},"end":{"line":30,"column":1}},"loc":{"start":{"line":1,"column":7},"end":{"line":30,"column":1}},"line":1}},"f":{"0":34}}
,"/Users/seancotter/Desktop/dev/learning/tsfw/src/core/router.ts": {"path":"/Users/seancotter/Desktop/dev/learning/tsfw/src/core/router.ts","all":false,"statementMap":{"0":{"start":{"line":1,"column":0},"end":{"line":1,"column":43}},"3":{"start":{"line":4,"column":0},"end":{"line":4,"column":57}},"4":{"start":{"line":5,"column":0},"end":{"line":5,"column":56}},"5":{"start":{"line":6,"column":0},"end":{"line":6,"column":29}},"6":{"start":{"line":7,"column":0},"end":{"line":7,"column":87}},"7":{"start":{"line":8,"column":0},"end":{"line":8,"column":25}},"8":{"start":{"line":9,"column":0},"end":{"line":9,"column":2}},"43":{"start":{"line":44,"column":0},"end":{"line":44,"column":34}},"44":{"start":{"line":45,"column":0},"end":{"line":45,"column":36}},"46":{"start":{"line":47,"column":0},"end":{"line":47,"column":47}},"47":{"start":{"line":48,"column":0},"end":{"line":48,"column":21}},"48":{"start":{"line":49,"column":0},"end":{"line":49,"column":51}},"49":{"start":{"line":50,"column":0},"end":{"line":50,"column":16}},"50":{"start":{"line":51,"column":0},"end":{"line":51,"column":1}},"63":{"start":{"line":64,"column":0},"end":{"line":64,"column":34}},"64":{"start":{"line":65,"column":0},"end":{"line":65,"column":7}},"65":{"start":{"line":66,"column":0},"end":{"line":66,"column":12}},"66":{"start":{"line":67,"column":0},"end":{"line":67,"column":9}},"67":{"start":{"line":68,"column":0},"end":{"line":68,"column":11}},"68":{"start":{"line":69,"column":0},"end":{"line":69,"column":23}},"69":{"start":{"line":70,"column":0},"end":{"line":70,"column":18}},"70":{"start":{"line":71,"column":0},"end":{"line":71,"column":11}},"71":{"start":{"line":72,"column":0},"end":{"line":72,"column":41}},"72":{"start":{"line":73,"column":0},"end":{"line":73,"column":29}},"73":{"start":{"line":74,"column":0},"end":{"line":74,"column":54}},"74":{"start":{"line":75,"column":0},"end":{"line":75,"column":20}},"75":{"start":{"line":76,"column":0},"end":{"line":76,"column":68}},"76":{"start":{"line":77,"column":0},"end":{"line":77,"column":6}},"77":{"start":{"line":78,"column":0},"end":{"line":78,"column":3}},"79":{"start":{"line":80,"column":0},"end":{"line":80,"column":6}},"80":{"start":{"line":81,"column":0},"end":{"line":81,"column":12}},"81":{"start":{"line":82,"column":0},"end":{"line":82,"column":31}},"82":{"start":{"line":83,"column":0},"end":{"line":83,"column":25}},"83":{"start":{"line":84,"column":0},"end":{"line":84,"column":37}},"84":{"start":{"line":85,"column":0},"end":{"line":85,"column":5}},"85":{"start":{"line":86,"column":0},"end":{"line":86,"column":18}},"86":{"start":{"line":87,"column":0},"end":{"line":87,"column":173}},"87":{"start":{"line":88,"column":0},"end":{"line":88,"column":6}},"88":{"start":{"line":89,"column":0},"end":{"line":89,"column":43}},"89":{"start":{"line":90,"column":0},"end":{"line":90,"column":3}},"91":{"start":{"line":92,"column":0},"end":{"line":92,"column":29}},"92":{"start":{"line":93,"column":0},"end":{"line":93,"column":13}},"93":{"start":{"line":94,"column":0},"end":{"line":94,"column":19}},"94":{"start":{"line":95,"column":0},"end":{"line":95,"column":21}},"95":{"start":{"line":96,"column":0},"end":{"line":96,"column":16}},"96":{"start":{"line":97,"column":0},"end":{"line":97,"column":11}},"97":{"start":{"line":98,"column":0},"end":{"line":98,"column":4}},"98":{"start":{"line":99,"column":0},"end":{"line":99,"column":49}},"99":{"start":{"line":100,"column":0},"end":{"line":100,"column":20}},"100":{"start":{"line":101,"column":0},"end":{"line":101,"column":96}},"101":{"start":{"line":102,"column":0},"end":{"line":102,"column":12}},"102":{"start":{"line":103,"column":0},"end":{"line":103,"column":10}},"103":{"start":{"line":104,"column":0},"end":{"line":104,"column":6}},"104":{"start":{"line":105,"column":0},"end":{"line":105,"column":3}},"106":{"start":{"line":107,"column":0},"end":{"line":107,"column":44}},"107":{"start":{"line":108,"column":0},"end":{"line":108,"column":20}},"108":{"start":{"line":109,"column":0},"end":{"line":109,"column":80}},"109":{"start":{"line":110,"column":0},"end":{"line":110,"column":6}},"110":{"start":{"line":111,"column":0},"end":{"line":111,"column":3}},"112":{"start":{"line":113,"column":0},"end":{"line":113,"column":44}},"113":{"start":{"line":114,"column":0},"end":{"line":114,"column":33}},"114":{"start":{"line":115,"column":0},"end":{"line":115,"column":58}},"115":{"start":{"line":116,"column":0},"end":{"line":116,"column":77}},"116":{"start":{"line":117,"column":0},"end":{"line":117,"column":7}},"118":{"start":{"line":119,"column":0},"end":{"line":119,"column":52}},"119":{"start":{"line":120,"column":0},"end":{"line":120,"column":22}},"120":{"start":{"line":121,"column":0},"end":{"line":121,"column":189}},"121":{"start":{"line":122,"column":0},"end":{"line":122,"column":10}},"122":{"start":{"line":123,"column":0},"end":{"line":123,"column":47}},"123":{"start":{"line":124,"column":0},"end":{"line":124,"column":7}},"125":{"start":{"line":126,"column":0},"end":{"line":126,"column":70}},"126":{"start":{"line":127,"column":0},"end":{"line":127,"column":24}},"127":{"start":{"line":128,"column":0},"end":{"line":128,"column":108}},"128":{"start":{"line":129,"column":0},"end":{"line":129,"column":10}},"129":{"start":{"line":130,"column":0},"end":{"line":130,"column":7}},"130":{"start":{"line":131,"column":0},"end":{"line":131,"column":7}},"131":{"start":{"line":132,"column":0},"end":{"line":132,"column":3}},"133":{"start":{"line":134,"column":0},"end":{"line":134,"column":47}},"134":{"start":{"line":135,"column":0},"end":{"line":135,"column":20}},"135":{"start":{"line":136,"column":0},"end":{"line":136,"column":65}},"136":{"start":{"line":137,"column":0},"end":{"line":137,"column":6}},"137":{"start":{"line":138,"column":0},"end":{"line":138,"column":3}},"138":{"start":{"line":139,"column":0},"end":{"line":139,"column":51}},"139":{"start":{"line":140,"column":0},"end":{"line":140,"column":20}},"140":{"start":{"line":141,"column":0},"end":{"line":141,"column":65}},"141":{"start":{"line":142,"column":0},"end":{"line":142,"column":6}},"142":{"start":{"line":143,"column":0},"end":{"line":143,"column":3}},"144":{"start":{"line":145,"column":0},"end":{"line":145,"column":64}},"146":{"start":{"line":147,"column":0},"end":{"line":147,"column":40}},"147":{"start":{"line":148,"column":0},"end":{"line":148,"column":33}},"148":{"start":{"line":149,"column":0},"end":{"line":149,"column":19}},"149":{"start":{"line":150,"column":0},"end":{"line":150,"column":35}},"150":{"start":{"line":151,"column":0},"end":{"line":151,"column":29}},"151":{"start":{"line":152,"column":0},"end":{"line":152,"column":33}},"152":{"start":{"line":153,"column":0},"end":{"line":153,"column":39}},"153":{"start":{"line":154,"column":0},"end":{"line":154,"column":47}},"154":{"start":{"line":155,"column":0},"end":{"line":155,"column":23}},"155":{"start":{"line":156,"column":0},"end":{"line":156,"column":65}},"156":{"start":{"line":157,"column":0},"end":{"line":157,"column":63}},"157":{"start":{"line":158,"column":0},"end":{"line":158,"column":35}},"158":{"start":{"line":159,"column":0},"end":{"line":159,"column":9}},"159":{"start":{"line":160,"column":0},"end":{"line":160,"column":7}},"160":{"start":{"line":161,"column":0},"end":{"line":161,"column":3}},"162":{"start":{"line":163,"column":0},"end":{"line":163,"column":15}},"163":{"start":{"line":164,"column":0},"end":{"line":164,"column":14}},"164":{"start":{"line":165,"column":0},"end":{"line":165,"column":11}},"165":{"start":{"line":166,"column":0},"end":{"line":166,"column":13}},"166":{"start":{"line":167,"column":0},"end":{"line":167,"column":16}},"167":{"start":{"line":168,"column":0},"end":{"line":168,"column":31}},"168":{"start":{"line":169,"column":0},"end":{"line":169,"column":8}},"169":{"start":{"line":170,"column":0},"end":{"line":170,"column":16}},"170":{"start":{"line":171,"column":0},"end":{"line":171,"column":15}},"171":{"start":{"line":172,"column":0},"end":{"line":172,"column":5}},"172":{"start":{"line":173,"column":0},"end":{"line":173,"column":1}},"174":{"start":{"line":175,"column":0},"end":{"line":175,"column":68}},"175":{"start":{"line":176,"column":0},"end":{"line":176,"column":32}},"176":{"start":{"line":177,"column":0},"end":{"line":177,"column":1}},"178":{"start":{"line":179,"column":0},"end":{"line":179,"column":27}},"179":{"start":{"line":180,"column":0},"end":{"line":180,"column":19}},"180":{"start":{"line":181,"column":0},"end":{"line":181,"column":38}},"181":{"start":{"line":182,"column":0},"end":{"line":182,"column":43}},"182":{"start":{"line":183,"column":0},"end":{"line":183,"column":3}},"183":{"start":{"line":184,"column":0},"end":{"line":184,"column":49}},"184":{"start":{"line":185,"column":0},"end":{"line":185,"column":61}},"185":{"start":{"line":186,"column":0},"end":{"line":186,"column":69}},"187":{"start":{"line":188,"column":0},"end":{"line":188,"column":45}},"188":{"start":{"line":189,"column":0},"end":{"line":189,"column":16}},"189":{"start":{"line":190,"column":0},"end":{"line":190,"column":1}},"191":{"start":{"line":192,"column":0},"end":{"line":192,"column":28}},"192":{"start":{"line":193,"column":0},"end":{"line":193,"column":15}},"193":{"start":{"line":194,"column":0},"end":{"line":194,"column":32}},"194":{"start":{"line":195,"column":0},"end":{"line":195,"column":11}},"195":{"start":{"line":196,"column":0},"end":{"line":196,"column":66}},"196":{"start":{"line":197,"column":0},"end":{"line":197,"column":1}},"198":{"start":{"line":199,"column":0},"end":{"line":199,"column":51}},"199":{"start":{"line":200,"column":0},"end":{"line":200,"column":34}},"200":{"start":{"line":201,"column":0},"end":{"line":201,"column":33}},"201":{"start":{"line":202,"column":0},"end":{"line":202,"column":49}},"202":{"start":{"line":203,"column":0},"end":{"line":203,"column":33}},"203":{"start":{"line":204,"column":0},"end":{"line":204,"column":23}},"204":{"start":{"line":205,"column":0},"end":{"line":205,"column":12}},"205":{"start":{"line":206,"column":0},"end":{"line":206,"column":4}},"206":{"start":{"line":207,"column":0},"end":{"line":207,"column":37}},"207":{"start":{"line":208,"column":0},"end":{"line":208,"column":1}},"209":{"start":{"line":210,"column":0},"end":{"line":210,"column":37}},"210":{"start":{"line":211,"column":0},"end":{"line":211,"column":38}},"211":{"start":{"line":212,"column":0},"end":{"line":212,"column":46}},"212":{"start":{"line":213,"column":0},"end":{"line":213,"column":29}},"213":{"start":{"line":214,"column":0},"end":{"line":214,"column":3}},"215":{"start":{"line":216,"column":0},"end":{"line":216,"column":67}},"217":{"start":{"line":218,"column":0},"end":{"line":218,"column":31}},"218":{"start":{"line":219,"column":0},"end":{"line":219,"column":48}},"219":{"start":{"line":220,"column":0},"end":{"line":220,"column":16}},"220":{"start":{"line":221,"column":0},"end":{"line":221,"column":68}},"221":{"start":{"line":222,"column":0},"end":{"line":222,"column":37}},"222":{"start":{"line":223,"column":0},"end":{"line":223,"column":19}},"223":{"start":{"line":224,"column":0},"end":{"line":224,"column":39}},"225":{"start":{"line":226,"column":0},"end":{"line":226,"column":13}},"226":{"start":{"line":227,"column":0},"end":{"line":227,"column":18}},"227":{"start":{"line":228,"column":0},"end":{"line":228,"column":15}},"228":{"start":{"line":229,"column":0},"end":{"line":229,"column":17}},"229":{"start":{"line":230,"column":0},"end":{"line":230,"column":20}},"230":{"start":{"line":231,"column":0},"end":{"line":231,"column":17}},"231":{"start":{"line":232,"column":0},"end":{"line":232,"column":12}},"232":{"start":{"line":233,"column":0},"end":{"line":233,"column":24}},"233":{"start":{"line":234,"column":0},"end":{"line":234,"column":16}},"234":{"start":{"line":235,"column":0},"end":{"line":235,"column":77}},"236":{"start":{"line":237,"column":0},"end":{"line":237,"column":21}},"237":{"start":{"line":238,"column":0},"end":{"line":238,"column":51}},"238":{"start":{"line":239,"column":0},"end":{"line":239,"column":17}},"239":{"start":{"line":240,"column":0},"end":{"line":240,"column":23}},"240":{"start":{"line":241,"column":0},"end":{"line":241,"column":21}},"241":{"start":{"line":242,"column":0},"end":{"line":242,"column":22}},"242":{"start":{"line":243,"column":0},"end":{"line":243,"column":11}},"243":{"start":{"line":244,"column":0},"end":{"line":244,"column":7}},"245":{"start":{"line":246,"column":0},"end":{"line":246,"column":19}},"246":{"start":{"line":247,"column":0},"end":{"line":247,"column":49}},"247":{"start":{"line":248,"column":0},"end":{"line":248,"column":72}},"249":{"start":{"line":250,"column":0},"end":{"line":250,"column":58}},"250":{"start":{"line":251,"column":0},"end":{"line":251,"column":31}},"251":{"start":{"line":252,"column":0},"end":{"line":252,"column":34}},"252":{"start":{"line":253,"column":0},"end":{"line":253,"column":24}},"253":{"start":{"line":254,"column":0},"end":{"line":254,"column":13}},"254":{"start":{"line":255,"column":0},"end":{"line":255,"column":16}},"255":{"start":{"line":256,"column":0},"end":{"line":256,"column":15}},"256":{"start":{"line":257,"column":0},"end":{"line":257,"column":60}},"257":{"start":{"line":258,"column":0},"end":{"line":258,"column":33}},"258":{"start":{"line":259,"column":0},"end":{"line":259,"column":19}},"259":{"start":{"line":260,"column":0},"end":{"line":260,"column":26}},"260":{"start":{"line":261,"column":0},"end":{"line":261,"column":51}},"261":{"start":{"line":262,"column":0},"end":{"line":262,"column":15}},"262":{"start":{"line":263,"column":0},"end":{"line":263,"column":25}},"263":{"start":{"line":264,"column":0},"end":{"line":264,"column":54}},"264":{"start":{"line":265,"column":0},"end":{"line":265,"column":33}},"265":{"start":{"line":266,"column":0},"end":{"line":266,"column":25}},"266":{"start":{"line":267,"column":0},"end":{"line":267,"column":34}},"267":{"start":{"line":268,"column":0},"end":{"line":268,"column":15}},"268":{"start":{"line":269,"column":0},"end":{"line":269,"column":11}},"269":{"start":{"line":270,"column":0},"end":{"line":270,"column":9}},"270":{"start":{"line":271,"column":0},"end":{"line":271,"column":7}},"272":{"start":{"line":273,"column":0},"end":{"line":273,"column":28}},"273":{"start":{"line":274,"column":0},"end":{"line":274,"column":46}},"274":{"start":{"line":275,"column":0},"end":{"line":275,"column":17}},"275":{"start":{"line":276,"column":0},"end":{"line":276,"column":23}},"276":{"start":{"line":277,"column":0},"end":{"line":277,"column":43}},"277":{"start":{"line":278,"column":0},"end":{"line":278,"column":45}},"278":{"start":{"line":279,"column":0},"end":{"line":279,"column":11}},"279":{"start":{"line":280,"column":0},"end":{"line":280,"column":7}},"281":{"start":{"line":282,"column":0},"end":{"line":282,"column":47}},"282":{"start":{"line":283,"column":0},"end":{"line":283,"column":50}},"283":{"start":{"line":284,"column":0},"end":{"line":284,"column":15}},"284":{"start":{"line":285,"column":0},"end":{"line":285,"column":21}},"285":{"start":{"line":286,"column":0},"end":{"line":286,"column":30}},"286":{"start":{"line":287,"column":0},"end":{"line":287,"column":32}},"287":{"start":{"line":288,"column":0},"end":{"line":288,"column":9}},"288":{"start":{"line":289,"column":0},"end":{"line":289,"column":13}},"289":{"start":{"line":290,"column":0},"end":{"line":290,"column":5}},"290":{"start":{"line":291,"column":0},"end":{"line":291,"column":3}},"292":{"start":{"line":293,"column":0},"end":{"line":293,"column":42}},"293":{"start":{"line":294,"column":0},"end":{"line":294,"column":15}},"294":{"start":{"line":295,"column":0},"end":{"line":295,"column":17}},"295":{"start":{"line":296,"column":0},"end":{"line":296,"column":15}},"296":{"start":{"line":297,"column":0},"end":{"line":297,"column":16}},"297":{"start":{"line":298,"column":0},"end":{"line":298,"column":5}},"298":{"start":{"line":299,"column":0},"end":{"line":299,"column":1}},"300":{"start":{"line":301,"column":0},"end":{"line":301,"column":39}},"301":{"start":{"line":302,"column":0},"end":{"line":302,"column":44}},"302":{"start":{"line":303,"column":0},"end":{"line":303,"column":10}},"308":{"start":{"line":309,"column":0},"end":{"line":309,"column":25}},"309":{"start":{"line":310,"column":0},"end":{"line":310,"column":7}},"310":{"start":{"line":311,"column":0},"end":{"line":311,"column":18}},"311":{"start":{"line":312,"column":0},"end":{"line":312,"column":75}},"313":{"start":{"line":314,"column":0},"end":{"line":314,"column":53}},"315":{"start":{"line":316,"column":0},"end":{"line":316,"column":70}},"316":{"start":{"line":317,"column":0},"end":{"line":317,"column":43}},"318":{"start":{"line":319,"column":0},"end":{"line":319,"column":48}},"319":{"start":{"line":320,"column":0},"end":{"line":320,"column":45}},"320":{"start":{"line":321,"column":0},"end":{"line":321,"column":48}},"321":{"start":{"line":322,"column":0},"end":{"line":322,"column":26}},"322":{"start":{"line":323,"column":0},"end":{"line":323,"column":77}},"323":{"start":{"line":324,"column":0},"end":{"line":324,"column":12}},"324":{"start":{"line":325,"column":0},"end":{"line":325,"column":9}},"325":{"start":{"line":326,"column":0},"end":{"line":326,"column":23}},"326":{"start":{"line":327,"column":0},"end":{"line":327,"column":56}},"327":{"start":{"line":328,"column":0},"end":{"line":328,"column":29}},"328":{"start":{"line":329,"column":0},"end":{"line":329,"column":14}},"329":{"start":{"line":330,"column":0},"end":{"line":330,"column":24}},"330":{"start":{"line":331,"column":0},"end":{"line":331,"column":86}},"331":{"start":{"line":332,"column":0},"end":{"line":332,"column":10}},"332":{"start":{"line":333,"column":0},"end":{"line":333,"column":7}},"333":{"start":{"line":334,"column":0},"end":{"line":334,"column":5}},"335":{"start":{"line":336,"column":0},"end":{"line":336,"column":20}},"336":{"start":{"line":337,"column":0},"end":{"line":337,"column":118}},"337":{"start":{"line":338,"column":0},"end":{"line":338,"column":6}},"338":{"start":{"line":339,"column":0},"end":{"line":339,"column":19}},"339":{"start":{"line":340,"column":0},"end":{"line":340,"column":20}},"340":{"start":{"line":341,"column":0},"end":{"line":341,"column":36}},"341":{"start":{"line":342,"column":0},"end":{"line":342,"column":62}},"342":{"start":{"line":343,"column":0},"end":{"line":343,"column":8}},"343":{"start":{"line":344,"column":0},"end":{"line":344,"column":6}},"344":{"start":{"line":345,"column":0},"end":{"line":345,"column":3}},"345":{"start":{"line":346,"column":0},"end":{"line":346,"column":1}},"347":{"start":{"line":348,"column":0},"end":{"line":348,"column":29}},"348":{"start":{"line":349,"column":0},"end":{"line":349,"column":66}},"349":{"start":{"line":350,"column":0},"end":{"line":350,"column":19}},"350":{"start":{"line":351,"column":0},"end":{"line":351,"column":10}},"356":{"start":{"line":357,"column":0},"end":{"line":357,"column":3}},"357":{"start":{"line":358,"column":0},"end":{"line":358,"column":6}},"358":{"start":{"line":359,"column":0},"end":{"line":359,"column":57}},"359":{"start":{"line":360,"column":0},"end":{"line":360,"column":33}},"360":{"start":{"line":361,"column":0},"end":{"line":361,"column":5}},"361":{"start":{"line":362,"column":0},"end":{"line":362,"column":46}},"362":{"start":{"line":363,"column":0},"end":{"line":363,"column":11}},"363":{"start":{"line":364,"column":0},"end":{"line":364,"column":3}},"365":{"start":{"line":366,"column":0},"end":{"line":366,"column":44}},"366":{"start":{"line":367,"column":0},"end":{"line":367,"column":18}},"367":{"start":{"line":368,"column":0},"end":{"line":368,"column":64}},"369":{"start":{"line":370,"column":0},"end":{"line":370,"column":19}},"370":{"start":{"line":371,"column":0},"end":{"line":371,"column":65}},"371":{"start":{"line":372,"column":0},"end":{"line":372,"column":30}},"372":{"start":{"line":373,"column":0},"end":{"line":373,"column":36}},"373":{"start":{"line":374,"column":0},"end":{"line":374,"column":7}},"374":{"start":{"line":375,"column":0},"end":{"line":375,"column":12}},"375":{"start":{"line":376,"column":0},"end":{"line":376,"column":33}},"376":{"start":{"line":377,"column":0},"end":{"line":377,"column":63}},"377":{"start":{"line":378,"column":0},"end":{"line":378,"column":39}},"378":{"start":{"line":379,"column":0},"end":{"line":379,"column":5}},"379":{"start":{"line":380,"column":0},"end":{"line":380,"column":5}},"380":{"start":{"line":381,"column":0},"end":{"line":381,"column":1}},"382":{"start":{"line":383,"column":0},"end":{"line":383,"column":31}},"383":{"start":{"line":384,"column":0},"end":{"line":384,"column":66}},"384":{"start":{"line":385,"column":0},"end":{"line":385,"column":19}},"385":{"start":{"line":386,"column":0},"end":{"line":386,"column":10}},"391":{"start":{"line":392,"column":0},"end":{"line":392,"column":3}},"392":{"start":{"line":393,"column":0},"end":{"line":393,"column":16}},"393":{"start":{"line":394,"column":0},"end":{"line":394,"column":62}},"395":{"start":{"line":396,"column":0},"end":{"line":396,"column":17}},"396":{"start":{"line":397,"column":0},"end":{"line":397,"column":60}},"397":{"start":{"line":398,"column":0},"end":{"line":398,"column":30}},"398":{"start":{"line":399,"column":0},"end":{"line":399,"column":36}},"399":{"start":{"line":400,"column":0},"end":{"line":400,"column":9}},"400":{"start":{"line":401,"column":0},"end":{"line":401,"column":5}},"401":{"start":{"line":402,"column":0},"end":{"line":402,"column":10}},"402":{"start":{"line":403,"column":0},"end":{"line":403,"column":31}},"403":{"start":{"line":404,"column":0},"end":{"line":404,"column":58}},"404":{"start":{"line":405,"column":0},"end":{"line":405,"column":39}},"405":{"start":{"line":406,"column":0},"end":{"line":406,"column":7}},"406":{"start":{"line":407,"column":0},"end":{"line":407,"column":3}},"407":{"start":{"line":408,"column":0},"end":{"line":408,"column":1}},"409":{"start":{"line":410,"column":0},"end":{"line":410,"column":75}},"410":{"start":{"line":411,"column":0},"end":{"line":411,"column":22}},"411":{"start":{"line":412,"column":0},"end":{"line":412,"column":18}},"412":{"start":{"line":413,"column":0},"end":{"line":413,"column":26}},"416":{"start":{"line":417,"column":0},"end":{"line":417,"column":55}},"417":{"start":{"line":418,"column":0},"end":{"line":418,"column":17}},"418":{"start":{"line":419,"column":0},"end":{"line":419,"column":36}},"423":{"start":{"line":424,"column":0},"end":{"line":424,"column":12}},"424":{"start":{"line":425,"column":0},"end":{"line":425,"column":9}},"425":{"start":{"line":426,"column":0},"end":{"line":426,"column":33}},"426":{"start":{"line":427,"column":0},"end":{"line":427,"column":21}},"427":{"start":{"line":428,"column":0},"end":{"line":428,"column":22}},"428":{"start":{"line":429,"column":0},"end":{"line":429,"column":10}},"429":{"start":{"line":430,"column":0},"end":{"line":430,"column":15}},"430":{"start":{"line":431,"column":0},"end":{"line":431,"column":8}},"431":{"start":{"line":432,"column":0},"end":{"line":432,"column":19}},"432":{"start":{"line":433,"column":0},"end":{"line":433,"column":36}},"437":{"start":{"line":438,"column":0},"end":{"line":438,"column":12}},"438":{"start":{"line":439,"column":0},"end":{"line":439,"column":9}},"439":{"start":{"line":440,"column":0},"end":{"line":440,"column":33}},"440":{"start":{"line":441,"column":0},"end":{"line":441,"column":21}},"441":{"start":{"line":442,"column":0},"end":{"line":442,"column":22}},"442":{"start":{"line":443,"column":0},"end":{"line":443,"column":10}},"443":{"start":{"line":444,"column":0},"end":{"line":444,"column":17}},"444":{"start":{"line":445,"column":0},"end":{"line":445,"column":8}},"445":{"start":{"line":446,"column":0},"end":{"line":446,"column":15}},"446":{"start":{"line":447,"column":0},"end":{"line":447,"column":36}},"451":{"start":{"line":452,"column":0},"end":{"line":452,"column":12}},"452":{"start":{"line":453,"column":0},"end":{"line":453,"column":9}},"453":{"start":{"line":454,"column":0},"end":{"line":454,"column":33}},"454":{"start":{"line":455,"column":0},"end":{"line":455,"column":21}},"455":{"start":{"line":456,"column":0},"end":{"line":456,"column":22}},"456":{"start":{"line":457,"column":0},"end":{"line":457,"column":10}},"457":{"start":{"line":458,"column":0},"end":{"line":458,"column":13}},"458":{"start":{"line":459,"column":0},"end":{"line":459,"column":8}},"459":{"start":{"line":460,"column":0},"end":{"line":460,"column":16}},"460":{"start":{"line":461,"column":0},"end":{"line":461,"column":12}},"461":{"start":{"line":462,"column":0},"end":{"line":462,"column":26}},"465":{"start":{"line":466,"column":0},"end":{"line":466,"column":55}},"466":{"start":{"line":467,"column":0},"end":{"line":467,"column":3}},"467":{"start":{"line":468,"column":0},"end":{"line":468,"column":1}}},"s":{"0":1,"3":1,"4":9,"5":9,"6":9,"7":9,"8":9,"43":1,"44":1,"46":1,"47":9,"48":9,"49":9,"50":9,"63":1,"64":19,"65":19,"66":19,"67":19,"68":19,"69":19,"70":19,"71":19,"72":19,"73":19,"74":2,"75":2,"76":2,"77":2,"79":17,"80":17,"81":17,"82":17,"83":16,"84":19,"85":3,"86":3,"87":3,"88":3,"89":3,"91":14,"92":14,"93":14,"94":14,"95":14,"96":14,"97":14,"98":19,"99":1,"100":1,"101":1,"102":1,"103":1,"104":1,"106":19,"107":2,"108":2,"109":2,"110":2,"112":19,"113":5,"114":5,"115":1,"116":1,"118":5,"119":1,"120":1,"121":1,"122":1,"123":1,"125":5,"126":2,"127":2,"128":2,"129":2,"130":5,"131":5,"133":19,"134":1,"135":1,"136":1,"137":1,"138":19,"139":1,"140":1,"141":1,"142":1,"144":5,"146":19,"147":1,"148":1,"149":1,"150":1,"151":1,"152":1,"153":1,"154":1,"155":1,"156":1,"157":1,"158":1,"159":1,"160":1,"162":5,"163":5,"164":5,"165":5,"166":5,"167":19,"168":19,"169":19,"170":19,"171":19,"172":19,"174":1,"175":1,"176":1,"178":1,"179":1,"180":1,"181":1,"182":1,"183":1,"184":1,"185":1,"187":1,"188":1,"189":1,"191":1,"192":3,"193":3,"194":3,"195":3,"196":3,"198":1,"199":19,"200":19,"201":19,"202":11,"203":11,"204":19,"205":19,"206":19,"207":19,"209":14,"210":14,"211":14,"212":2,"213":2,"215":14,"217":14,"218":10,"219":10,"220":6,"221":2,"222":2,"223":6,"225":6,"226":6,"227":6,"228":6,"229":6,"230":6,"231":6,"232":6,"233":6,"234":6,"236":6,"237":0,"238":0,"239":0,"240":0,"241":0,"242":0,"243":0,"245":6,"246":0,"247":0,"249":0,"250":0,"251":0,"252":0,"253":0,"254":0,"255":0,"256":0,"257":0,"258":0,"259":0,"260":0,"261":0,"262":0,"263":0,"264":0,"265":0,"266":0,"267":0,"268":0,"269":0,"270":0,"272":6,"273":0,"274":0,"275":0,"276":0,"277":0,"278":0,"279":0,"281":6,"282":6,"283":6,"284":6,"285":6,"286":6,"287":6,"288":6,"289":6,"290":10,"292":8,"293":8,"294":8,"295":8,"296":8,"297":8,"298":8,"300":24,"301":24,"302":24,"308":24,"309":24,"310":24,"311":24,"313":24,"315":24,"316":4,"318":4,"319":2,"320":2,"321":1,"322":1,"323":1,"324":1,"325":1,"326":2,"327":1,"328":1,"329":1,"330":1,"331":1,"332":1,"333":4,"335":1,"336":1,"337":1,"338":9,"339":4,"340":4,"341":4,"342":4,"343":4,"344":4,"345":24,"347":16,"348":16,"349":16,"350":16,"356":16,"357":16,"358":16,"359":0,"360":16,"361":16,"362":16,"363":16,"365":0,"366":0,"367":0,"369":0,"370":0,"371":0,"372":0,"373":0,"374":0,"375":0,"376":0,"377":0,"378":0,"379":0,"380":0,"382":1,"383":16,"384":16,"385":16,"391":16,"392":16,"393":1,"395":1,"396":1,"397":1,"398":1,"399":1,"400":1,"401":16,"402":15,"403":15,"404":15,"405":15,"406":15,"407":16,"409":7,"410":7,"411":7,"412":1,"416":1,"417":7,"418":0,"423":0,"424":0,"425":0,"426":0,"427":0,"428":0,"429":0,"430":0,"431":7,"432":0,"437":0,"438":0,"439":0,"440":0,"441":0,"442":0,"443":0,"444":0,"445":7,"446":0,"451":0,"452":0,"453":0,"454":0,"455":0,"456":0,"457":0,"458":0,"459":7,"460":7,"461":6,"465":6,"466":7,"467":7},"branchMap":{"0":{"type":"branch","line":4,"loc":{"start":{"line":4,"column":50},"end":{"line":9,"column":2}},"locations":[{"start":{"line":4,"column":50},"end":{"line":9,"column":2}}]},"1":{"type":"branch","line":47,"loc":{"start":{"line":47,"column":7},"end":{"line":51,"column":1}},"locations":[{"start":{"line":47,"column":7},"end":{"line":51,"column":1}}]},"2":{"type":"branch","line":64,"loc":{"start":{"line":64,"column":7},"end":{"line":173,"column":1}},"locations":[{"start":{"line":64,"column":7},"end":{"line":173,"column":1}}]},"3":{"type":"branch","line":74,"loc":{"start":{"line":74,"column":7},"end":{"line":74,"column":53}},"locations":[{"start":{"line":74,"column":7},"end":{"line":74,"column":53}}]},"4":{"type":"branch","line":74,"loc":{"start":{"line":74,"column":53},"end":{"line":78,"column":3}},"locations":[{"start":{"line":74,"column":53},"end":{"line":78,"column":3}}]},"5":{"type":"branch","line":78,"loc":{"start":{"line":78,"column":2},"end":{"line":82,"column":31}},"locations":[{"start":{"line":78,"column":2},"end":{"line":82,"column":31}}]},"6":{"type":"branch","line":82,"loc":{"start":{"line":82,"column":20},"end":{"line":83,"column":25}},"locations":[{"start":{"line":82,"column":20},"end":{"line":83,"column":25}}]},"7":{"type":"branch","line":83,"loc":{"start":{"line":83,"column":21},"end":{"line":84,"column":37}},"locations":[{"start":{"line":83,"column":21},"end":{"line":84,"column":37}}]},"8":{"type":"branch","line":85,"loc":{"start":{"line":85,"column":4},"end":{"line":90,"column":3}},"locations":[{"start":{"line":85,"column":4},"end":{"line":90,"column":3}}]},"9":{"type":"branch","line":90,"loc":{"start":{"line":90,"column":2},"end":{"line":99,"column":48}},"locations":[{"start":{"line":90,"column":2},"end":{"line":99,"column":48}}]},"10":{"type":"branch","line":99,"loc":{"start":{"line":99,"column":48},"end":{"line":105,"column":3}},"locations":[{"start":{"line":99,"column":48},"end":{"line":105,"column":3}}]},"11":{"type":"branch","line":105,"loc":{"start":{"line":105,"column":2},"end":{"line":107,"column":33}},"locations":[{"start":{"line":105,"column":2},"end":{"line":107,"column":33}}]},"12":{"type":"branch","line":107,"loc":{"start":{"line":107,"column":21},"end":{"line":107,"column":43}},"locations":[{"start":{"line":107,"column":21},"end":{"line":107,"column":43}}]},"13":{"type":"branch","line":107,"loc":{"start":{"line":107,"column":43},"end":{"line":111,"column":3}},"locations":[{"start":{"line":107,"column":43},"end":{"line":111,"column":3}}]},"14":{"type":"branch","line":111,"loc":{"start":{"line":111,"column":2},"end":{"line":113,"column":18}},"locations":[{"start":{"line":111,"column":2},"end":{"line":113,"column":18}}]},"15":{"type":"branch","line":113,"loc":{"start":{"line":113,"column":6},"end":{"line":113,"column":43}},"locations":[{"start":{"line":113,"column":6},"end":{"line":113,"column":43}}]},"16":{"type":"branch","line":113,"loc":{"start":{"line":113,"column":43},"end":{"line":132,"column":3}},"locations":[{"start":{"line":113,"column":43},"end":{"line":132,"column":3}}]},"17":{"type":"branch","line":132,"loc":{"start":{"line":132,"column":2},"end":{"line":134,"column":16}},"locations":[{"start":{"line":132,"column":2},"end":{"line":134,"column":16}}]},"18":{"type":"branch","line":134,"loc":{"start":{"line":134,"column":6},"end":{"line":134,"column":46}},"locations":[{"start":{"line":134,"column":6},"end":{"line":134,"column":46}}]},"19":{"type":"branch","line":134,"loc":{"start":{"line":134,"column":46},"end":{"line":138,"column":3}},"locations":[{"start":{"line":134,"column":46},"end":{"line":138,"column":3}}]},"20":{"type":"branch","line":138,"loc":{"start":{"line":138,"column":2},"end":{"line":139,"column":18}},"locations":[{"start":{"line":138,"column":2},"end":{"line":139,"column":18}}]},"21":{"type":"branch","line":139,"loc":{"start":{"line":139,"column":6},"end":{"line":139,"column":50}},"locations":[{"start":{"line":139,"column":6},"end":{"line":139,"column":50}}]},"22":{"type":"branch","line":139,"loc":{"start":{"line":139,"column":50},"end":{"line":143,"column":3}},"locations":[{"start":{"line":139,"column":50},"end":{"line":143,"column":3}}]},"23":{"type":"branch","line":143,"loc":{"start":{"line":143,"column":2},"end":{"line":147,"column":18}},"locations":[{"start":{"line":143,"column":2},"end":{"line":147,"column":18}}]},"24":{"type":"branch","line":147,"loc":{"start":{"line":147,"column":6},"end":{"line":147,"column":39}},"locations":[{"start":{"line":147,"column":6},"end":{"line":147,"column":39}}]},"25":{"type":"branch","line":147,"loc":{"start":{"line":147,"column":39},"end":{"line":161,"column":3}},"locations":[{"start":{"line":147,"column":39},"end":{"line":161,"column":3}}]},"26":{"type":"branch","line":161,"loc":{"start":{"line":161,"column":2},"end":{"line":168,"column":26}},"locations":[{"start":{"line":161,"column":2},"end":{"line":168,"column":26}}]},"27":{"type":"branch","line":168,"loc":{"start":{"line":168,"column":14},"end":{"line":168,"column":31}},"locations":[{"start":{"line":168,"column":14},"end":{"line":168,"column":31}}]},"28":{"type":"branch","line":114,"loc":{"start":{"line":114,"column":21},"end":{"line":131,"column":5}},"locations":[{"start":{"line":114,"column":21},"end":{"line":131,"column":5}}]},"29":{"type":"branch","line":115,"loc":{"start":{"line":115,"column":57},"end":{"line":117,"column":7}},"locations":[{"start":{"line":115,"column":57},"end":{"line":117,"column":7}}]},"30":{"type":"branch","line":117,"loc":{"start":{"line":117,"column":6},"end":{"line":119,"column":51}},"locations":[{"start":{"line":117,"column":6},"end":{"line":119,"column":51}}]},"31":{"type":"branch","line":119,"loc":{"start":{"line":119,"column":51},"end":{"line":124,"column":7}},"locations":[{"start":{"line":119,"column":51},"end":{"line":124,"column":7}}]},"32":{"type":"branch","line":124,"loc":{"start":{"line":124,"column":6},"end":{"line":126,"column":30}},"locations":[{"start":{"line":124,"column":6},"end":{"line":126,"column":30}}]},"33":{"type":"branch","line":126,"loc":{"start":{"line":126,"column":17},"end":{"line":126,"column":69}},"locations":[{"start":{"line":126,"column":17},"end":{"line":126,"column":69}}]},"34":{"type":"branch","line":126,"loc":{"start":{"line":126,"column":69},"end":{"line":130,"column":7}},"locations":[{"start":{"line":126,"column":69},"end":{"line":130,"column":7}}]},"35":{"type":"branch","line":148,"loc":{"start":{"line":148,"column":21},"end":{"line":160,"column":5}},"locations":[{"start":{"line":148,"column":21},"end":{"line":160,"column":5}}]},"36":{"type":"branch","line":175,"loc":{"start":{"line":175,"column":7},"end":{"line":177,"column":1}},"locations":[{"start":{"line":175,"column":7},"end":{"line":177,"column":1}}]},"37":{"type":"branch","line":179,"loc":{"start":{"line":179,"column":7},"end":{"line":190,"column":1}},"locations":[{"start":{"line":179,"column":7},"end":{"line":190,"column":1}}]},"38":{"type":"branch","line":186,"loc":{"start":{"line":186,"column":51},"end":{"line":186,"column":69}},"locations":[{"start":{"line":186,"column":51},"end":{"line":186,"column":69}}]},"39":{"type":"branch","line":192,"loc":{"start":{"line":192,"column":7},"end":{"line":197,"column":1}},"locations":[{"start":{"line":192,"column":7},"end":{"line":197,"column":1}}]},"40":{"type":"branch","line":196,"loc":{"start":{"line":196,"column":35},"end":{"line":196,"column":64}},"locations":[{"start":{"line":196,"column":35},"end":{"line":196,"column":64}}]},"41":{"type":"branch","line":196,"loc":{"start":{"line":196,"column":57},"end":{"line":196,"column":64}},"locations":[{"start":{"line":196,"column":57},"end":{"line":196,"column":64}}]},"42":{"type":"branch","line":199,"loc":{"start":{"line":199,"column":7},"end":{"line":208,"column":1}},"locations":[{"start":{"line":199,"column":7},"end":{"line":208,"column":1}}]},"43":{"type":"branch","line":202,"loc":{"start":{"line":202,"column":30},"end":{"line":205,"column":5}},"locations":[{"start":{"line":202,"column":30},"end":{"line":205,"column":5}}]},"44":{"type":"branch","line":210,"loc":{"start":{"line":210,"column":0},"end":{"line":299,"column":1}},"locations":[{"start":{"line":210,"column":0},"end":{"line":299,"column":1}}]},"45":{"type":"branch","line":212,"loc":{"start":{"line":212,"column":20},"end":{"line":212,"column":45}},"locations":[{"start":{"line":212,"column":20},"end":{"line":212,"column":45}}]},"46":{"type":"branch","line":212,"loc":{"start":{"line":212,"column":45},"end":{"line":214,"column":3}},"locations":[{"start":{"line":212,"column":45},"end":{"line":214,"column":3}}]},"47":{"type":"branch","line":218,"loc":{"start":{"line":218,"column":30},"end":{"line":291,"column":3}},"locations":[{"start":{"line":218,"column":30},"end":{"line":291,"column":3}}]},"48":{"type":"branch","line":220,"loc":{"start":{"line":220,"column":15},"end":{"line":290,"column":5}},"locations":[{"start":{"line":220,"column":15},"end":{"line":290,"column":5}}]},"49":{"type":"branch","line":235,"loc":{"start":{"line":235,"column":45},"end":{"line":235,"column":63}},"locations":[{"start":{"line":235,"column":45},"end":{"line":235,"column":63}}]},"50":{"type":"branch","line":237,"loc":{"start":{"line":237,"column":20},"end":{"line":244,"column":7}},"locations":[{"start":{"line":237,"column":20},"end":{"line":244,"column":7}}]},"51":{"type":"branch","line":246,"loc":{"start":{"line":246,"column":18},"end":{"line":271,"column":7}},"locations":[{"start":{"line":246,"column":18},"end":{"line":271,"column":7}}]},"52":{"type":"branch","line":273,"loc":{"start":{"line":273,"column":27},"end":{"line":280,"column":7}},"locations":[{"start":{"line":273,"column":27},"end":{"line":280,"column":7}}]},"53":{"type":"branch","line":291,"loc":{"start":{"line":291,"column":2},"end":{"line":299,"column":1}},"locations":[{"start":{"line":291,"column":2},"end":{"line":299,"column":1}}]},"54":{"type":"branch","line":221,"loc":{"start":{"line":221,"column":45},"end":{"line":224,"column":9}},"locations":[{"start":{"line":221,"column":45},"end":{"line":224,"column":9}}]},"55":{"type":"branch","line":301,"loc":{"start":{"line":301,"column":0},"end":{"line":346,"column":1}},"locations":[{"start":{"line":301,"column":0},"end":{"line":346,"column":1}}]},"56":{"type":"branch","line":312,"loc":{"start":{"line":312,"column":27},"end":{"line":312,"column":65}},"locations":[{"start":{"line":312,"column":27},"end":{"line":312,"column":65}}]},"57":{"type":"branch","line":312,"loc":{"start":{"line":312,"column":27},"end":{"line":312,"column":65}},"locations":[{"start":{"line":312,"column":27},"end":{"line":312,"column":65}}]},"58":{"type":"branch","line":312,"loc":{"start":{"line":312,"column":61},"end":{"line":312,"column":65}},"locations":[{"start":{"line":312,"column":61},"end":{"line":312,"column":65}}]},"59":{"type":"branch","line":312,"loc":{"start":{"line":312,"column":61},"end":{"line":312,"column":75}},"locations":[{"start":{"line":312,"column":61},"end":{"line":312,"column":75}}]},"60":{"type":"branch","line":314,"loc":{"start":{"line":314,"column":39},"end":{"line":314,"column":53}},"locations":[{"start":{"line":314,"column":39},"end":{"line":314,"column":53}}]},"61":{"type":"branch","line":314,"loc":{"start":{"line":314,"column":46},"end":{"line":316,"column":48}},"locations":[{"start":{"line":314,"column":46},"end":{"line":316,"column":48}}]},"62":{"type":"branch","line":316,"loc":{"start":{"line":316,"column":36},"end":{"line":316,"column":69}},"locations":[{"start":{"line":316,"column":36},"end":{"line":316,"column":69}}]},"63":{"type":"branch","line":316,"loc":{"start":{"line":316,"column":69},"end":{"line":345,"column":3}},"locations":[{"start":{"line":316,"column":69},"end":{"line":345,"column":3}}]},"64":{"type":"branch","line":316,"loc":{"start":{"line":316,"column":69},"end":{"line":334,"column":5}},"locations":[{"start":{"line":316,"column":69},"end":{"line":334,"column":5}}]},"65":{"type":"branch","line":319,"loc":{"start":{"line":319,"column":47},"end":{"line":333,"column":7}},"locations":[{"start":{"line":319,"column":47},"end":{"line":333,"column":7}}]},"66":{"type":"branch","line":321,"loc":{"start":{"line":321,"column":47},"end":{"line":327,"column":17}},"locations":[{"start":{"line":321,"column":47},"end":{"line":327,"column":17}}]},"67":{"type":"branch","line":327,"loc":{"start":{"line":327,"column":55},"end":{"line":333,"column":7}},"locations":[{"start":{"line":327,"column":55},"end":{"line":333,"column":7}}]},"68":{"type":"branch","line":334,"loc":{"start":{"line":334,"column":4},"end":{"line":339,"column":11}},"locations":[{"start":{"line":334,"column":4},"end":{"line":339,"column":11}}]},"69":{"type":"branch","line":339,"loc":{"start":{"line":339,"column":2},"end":{"line":345,"column":3}},"locations":[{"start":{"line":339,"column":2},"end":{"line":345,"column":3}}]},"70":{"type":"branch","line":342,"loc":{"start":{"line":342,"column":39},"end":{"line":342,"column":62}},"locations":[{"start":{"line":342,"column":39},"end":{"line":342,"column":62}}]},"71":{"type":"branch","line":348,"loc":{"start":{"line":348,"column":0},"end":{"line":381,"column":1}},"locations":[{"start":{"line":348,"column":0},"end":{"line":381,"column":1}}]},"72":{"type":"branch","line":359,"loc":{"start":{"line":359,"column":44},"end":{"line":360,"column":33}},"locations":[{"start":{"line":359,"column":44},"end":{"line":360,"column":33}}]},"73":{"type":"branch","line":364,"loc":{"start":{"line":364,"column":2},"end":{"line":381,"column":1}},"locations":[{"start":{"line":364,"column":2},"end":{"line":381,"column":1}}]},"74":{"type":"branch","line":383,"loc":{"start":{"line":383,"column":7},"end":{"line":408,"column":1}},"locations":[{"start":{"line":383,"column":7},"end":{"line":408,"column":1}}]},"75":{"type":"branch","line":393,"loc":{"start":{"line":393,"column":15},"end":{"line":402,"column":9}},"locations":[{"start":{"line":393,"column":15},"end":{"line":402,"column":9}}]},"76":{"type":"branch","line":402,"loc":{"start":{"line":402,"column":2},"end":{"line":407,"column":3}},"locations":[{"start":{"line":402,"column":2},"end":{"line":407,"column":3}}]},"77":{"type":"branch","line":397,"loc":{"start":{"line":397,"column":46},"end":{"line":400,"column":7}},"locations":[{"start":{"line":397,"column":46},"end":{"line":400,"column":7}}]},"78":{"type":"branch","line":404,"loc":{"start":{"line":404,"column":44},"end":{"line":406,"column":5}},"locations":[{"start":{"line":404,"column":44},"end":{"line":406,"column":5}}]},"79":{"type":"branch","line":410,"loc":{"start":{"line":410,"column":0},"end":{"line":468,"column":1}},"locations":[{"start":{"line":410,"column":0},"end":{"line":468,"column":1}}]},"80":{"type":"branch","line":412,"loc":{"start":{"line":412,"column":4},"end":{"line":417,"column":55}},"locations":[{"start":{"line":412,"column":4},"end":{"line":417,"column":55}}]},"81":{"type":"branch","line":418,"loc":{"start":{"line":418,"column":4},"end":{"line":431,"column":8}},"locations":[{"start":{"line":418,"column":4},"end":{"line":431,"column":8}}]},"82":{"type":"branch","line":432,"loc":{"start":{"line":432,"column":4},"end":{"line":445,"column":8}},"locations":[{"start":{"line":432,"column":4},"end":{"line":445,"column":8}}]},"83":{"type":"branch","line":446,"loc":{"start":{"line":446,"column":4},"end":{"line":459,"column":8}},"locations":[{"start":{"line":446,"column":4},"end":{"line":459,"column":8}}]},"84":{"type":"branch","line":460,"loc":{"start":{"line":460,"column":4},"end":{"line":460,"column":16}},"locations":[{"start":{"line":460,"column":4},"end":{"line":460,"column":16}}]},"85":{"type":"branch","line":461,"loc":{"start":{"line":461,"column":4},"end":{"line":466,"column":55}},"locations":[{"start":{"line":461,"column":4},"end":{"line":466,"column":55}}]}},"b":{"0":[9],"1":[9],"2":[19],"3":[18],"4":[2],"5":[17],"6":[17],"7":[16],"8":[3],"9":[14],"10":[1],"11":[13],"12":[12],"13":[2],"14":[11],"15":[5],"16":[5],"17":[7],"18":[1],"19":[1],"20":[6],"21":[1],"22":[1],"23":[5],"24":[1],"25":[1],"26":[5],"27":[0],"28":[5],"29":[1],"30":[4],"31":[1],"32":[3],"33":[2],"34":[2],"35":[1],"36":[1],"37":[1],"38":[0],"39":[3],"40":[1],"41":[0],"42":[19],"43":[11],"44":[14],"45":[10],"46":[2],"47":[10],"48":[6],"49":[0],"50":[0],"51":[0],"52":[0],"53":[8],"54":[2],"55":[24],"56":[22],"57":[18],"58":[17],"59":[6],"60":[18],"61":[5],"62":[4],"63":[9],"64":[4],"65":[2],"66":[1],"67":[1],"68":[1],"69":[4],"70":[0],"71":[16],"72":[0],"73":[0],"74":[16],"75":[1],"76":[15],"77":[1],"78":[15],"79":[7],"80":[1],"81":[0],"82":[0],"83":[0],"84":[6],"85":[6]},"fnMap":{"0":{"name":"notFoundComponent","decl":{"start":{"line":4,"column":50},"end":{"line":9,"column":2}},"loc":{"start":{"line":4,"column":50},"end":{"line":9,"column":2}},"line":4},"1":{"name":"initRouter","decl":{"start":{"line":47,"column":7},"end":{"line":51,"column":1}},"loc":{"start":{"line":47,"column":7},"end":{"line":51,"column":1}},"line":47},"2":{"name":"registerRoute","decl":{"start":{"line":64,"column":7},"end":{"line":173,"column":1}},"loc":{"start":{"line":64,"column":7},"end":{"line":173,"column":1}},"line":64},"3":{"name":"setNotFoundComponent","decl":{"start":{"line":175,"column":7},"end":{"line":177,"column":1}},"loc":{"start":{"line":175,"column":7},"end":{"line":177,"column":1}},"line":175},"4":{"name":"navigateTo","decl":{"start":{"line":179,"column":7},"end":{"line":190,"column":1}},"loc":{"start":{"line":179,"column":7},"end":{"line":190,"column":1}},"line":179},"5":{"name":"resolvePath","decl":{"start":{"line":192,"column":7},"end":{"line":197,"column":1}},"loc":{"start":{"line":192,"column":7},"end":{"line":197,"column":1}},"line":192},"6":{"name":"generatePathPattern","decl":{"start":{"line":199,"column":7},"end":{"line":208,"column":1}},"loc":{"start":{"line":199,"column":7},"end":{"line":208,"column":1}},"line":199},"7":{"name":"handleRoute","decl":{"start":{"line":210,"column":0},"end":{"line":299,"column":1}},"loc":{"start":{"line":210,"column":0},"end":{"line":299,"column":1}},"line":210},"8":{"name":"resolveComponent","decl":{"start":{"line":301,"column":0},"end":{"line":346,"column":1}},"loc":{"start":{"line":301,"column":0},"end":{"line":346,"column":1}},"line":301},"9":{"name":"render","decl":{"start":{"line":348,"column":0},"end":{"line":381,"column":1}},"loc":{"start":{"line":348,"column":0},"end":{"line":381,"column":1}},"line":348},"10":{"name":"fallbackRender","decl":{"start":{"line":383,"column":7},"end":{"line":408,"column":1}},"loc":{"start":{"line":383,"column":7},"end":{"line":408,"column":1}},"line":383},"11":{"name":"getCacheState","decl":{"start":{"line":410,"column":0},"end":{"line":468,"column":1}},"loc":{"start":{"line":410,"column":0},"end":{"line":468,"column":1}},"line":410}},"f":{"0":9,"1":9,"2":19,"3":1,"4":1,"5":3,"6":19,"7":14,"8":24,"9":16,"10":16,"11":7}}
,"/Users/seancotter/Desktop/dev/learning/tsfw/src/core/state.ts": {"path":"/Users/seancotter/Desktop/dev/learning/tsfw/src/core/state.ts","all":false,"statementMap":{"3":{"start":{"line":4,"column":0},"end":{"line":4,"column":54}},"4":{"start":{"line":5,"column":0},"end":{"line":5,"column":64}},"6":{"start":{"line":7,"column":0},"end":{"line":7,"column":42}},"7":{"start":{"line":8,"column":0},"end":{"line":8,"column":49}},"8":{"start":{"line":9,"column":0},"end":{"line":9,"column":70}},"12":{"start":{"line":13,"column":0},"end":{"line":13,"column":38}},"15":{"start":{"line":16,"column":0},"end":{"line":16,"column":14}},"16":{"start":{"line":17,"column":0},"end":{"line":17,"column":20}},"17":{"start":{"line":18,"column":0},"end":{"line":18,"column":16}},"18":{"start":{"line":19,"column":0},"end":{"line":19,"column":59}},"19":{"start":{"line":20,"column":0},"end":{"line":20,"column":46}},"20":{"start":{"line":21,"column":0},"end":{"line":21,"column":5}},"21":{"start":{"line":22,"column":0},"end":{"line":22,"column":19}},"22":{"start":{"line":23,"column":0},"end":{"line":23,"column":31}},"23":{"start":{"line":24,"column":0},"end":{"line":24,"column":35}},"25":{"start":{"line":26,"column":0},"end":{"line":26,"column":42}},"26":{"start":{"line":27,"column":0},"end":{"line":27,"column":41}},"27":{"start":{"line":28,"column":0},"end":{"line":28,"column":12}},"28":{"start":{"line":29,"column":0},"end":{"line":29,"column":27}},"29":{"start":{"line":30,"column":0},"end":{"line":30,"column":73}},"30":{"start":{"line":31,"column":0},"end":{"line":31,"column":11}},"31":{"start":{"line":32,"column":0},"end":{"line":32,"column":79}},"32":{"start":{"line":33,"column":0},"end":{"line":33,"column":23}},"33":{"start":{"line":34,"column":0},"end":{"line":34,"column":9}},"35":{"start":{"line":36,"column":0},"end":{"line":36,"column":51}},"36":{"start":{"line":37,"column":0},"end":{"line":37,"column":30}},"37":{"start":{"line":38,"column":0},"end":{"line":38,"column":31}},"39":{"start":{"line":40,"column":0},"end":{"line":40,"column":59}},"40":{"start":{"line":41,"column":0},"end":{"line":41,"column":32}},"41":{"start":{"line":42,"column":0},"end":{"line":42,"column":31}},"42":{"start":{"line":43,"column":0},"end":{"line":43,"column":9}},"44":{"start":{"line":45,"column":0},"end":{"line":45,"column":20}},"45":{"start":{"line":46,"column":0},"end":{"line":46,"column":8}},"46":{"start":{"line":47,"column":0},"end":{"line":47,"column":12}},"48":{"start":{"line":49,"column":0},"end":{"line":49,"column":22}},"49":{"start":{"line":50,"column":0},"end":{"line":50,"column":30}},"51":{"start":{"line":52,"column":0},"end":{"line":52,"column":39}},"52":{"start":{"line":53,"column":0},"end":{"line":53,"column":38}},"53":{"start":{"line":54,"column":0},"end":{"line":54,"column":7}},"54":{"start":{"line":55,"column":0},"end":{"line":55,"column":3}},"56":{"start":{"line":57,"column":0},"end":{"line":57,"column":17}},"57":{"start":{"line":58,"column":0},"end":{"line":58,"column":27}},"58":{"start":{"line":59,"column":0},"end":{"line":59,"column":3}},"60":{"start":{"line":61,"column":0},"end":{"line":61,"column":11}},"61":{"start":{"line":62,"column":0},"end":{"line":62,"column":70}},"62":{"start":{"line":63,"column":0},"end":{"line":63,"column":11}},"63":{"start":{"line":64,"column":0},"end":{"line":64,"column":67}},"64":{"start":{"line":65,"column":0},"end":{"line":65,"column":62}},"65":{"start":{"line":66,"column":0},"end":{"line":66,"column":13}},"66":{"start":{"line":67,"column":0},"end":{"line":67,"column":5}},"68":{"start":{"line":69,"column":0},"end":{"line":69,"column":40}},"69":{"start":{"line":70,"column":0},"end":{"line":70,"column":38}},"70":{"start":{"line":71,"column":0},"end":{"line":71,"column":73}},"71":{"start":{"line":72,"column":0},"end":{"line":72,"column":71}},"72":{"start":{"line":73,"column":0},"end":{"line":73,"column":7}},"73":{"start":{"line":74,"column":0},"end":{"line":74,"column":12}},"74":{"start":{"line":75,"column":0},"end":{"line":75,"column":41}},"75":{"start":{"line":76,"column":0},"end":{"line":76,"column":5}},"77":{"start":{"line":78,"column":0},"end":{"line":78,"column":26}},"78":{"start":{"line":79,"column":0},"end":{"line":79,"column":27}},"80":{"start":{"line":81,"column":0},"end":{"line":81,"column":55}},"81":{"start":{"line":82,"column":0},"end":{"line":82,"column":28}},"82":{"start":{"line":83,"column":0},"end":{"line":83,"column":27}},"83":{"start":{"line":84,"column":0},"end":{"line":84,"column":5}},"84":{"start":{"line":85,"column":0},"end":{"line":85,"column":3}},"86":{"start":{"line":87,"column":0},"end":{"line":87,"column":28}},"87":{"start":{"line":88,"column":0},"end":{"line":88,"column":55}},"88":{"start":{"line":89,"column":0},"end":{"line":89,"column":29}},"89":{"start":{"line":90,"column":0},"end":{"line":90,"column":40}},"90":{"start":{"line":91,"column":0},"end":{"line":91,"column":25}},"91":{"start":{"line":92,"column":0},"end":{"line":92,"column":7}},"92":{"start":{"line":93,"column":0},"end":{"line":93,"column":24}},"93":{"start":{"line":94,"column":0},"end":{"line":94,"column":3}},"95":{"start":{"line":96,"column":0},"end":{"line":96,"column":32}},"96":{"start":{"line":97,"column":0},"end":{"line":97,"column":59}},"97":{"start":{"line":98,"column":0},"end":{"line":98,"column":44}},"98":{"start":{"line":99,"column":0},"end":{"line":99,"column":42}},"99":{"start":{"line":100,"column":0},"end":{"line":100,"column":34}},"100":{"start":{"line":101,"column":0},"end":{"line":101,"column":47}},"101":{"start":{"line":102,"column":0},"end":{"line":102,"column":7}},"102":{"start":{"line":103,"column":0},"end":{"line":103,"column":6}},"103":{"start":{"line":104,"column":0},"end":{"line":104,"column":3}},"105":{"start":{"line":106,"column":0},"end":{"line":106,"column":39}},"106":{"start":{"line":107,"column":0},"end":{"line":107,"column":37}},"107":{"start":{"line":108,"column":0},"end":{"line":108,"column":40}},"108":{"start":{"line":109,"column":0},"end":{"line":109,"column":26}},"109":{"start":{"line":110,"column":0},"end":{"line":110,"column":27}},"110":{"start":{"line":111,"column":0},"end":{"line":111,"column":36}},"111":{"start":{"line":112,"column":0},"end":{"line":112,"column":3}},"113":{"start":{"line":114,"column":0},"end":{"line":114,"column":26}},"114":{"start":{"line":115,"column":0},"end":{"line":115,"column":70}},"115":{"start":{"line":116,"column":0},"end":{"line":116,"column":62}},"116":{"start":{"line":117,"column":0},"end":{"line":117,"column":12}},"117":{"start":{"line":118,"column":0},"end":{"line":118,"column":73}},"118":{"start":{"line":119,"column":0},"end":{"line":119,"column":15}},"120":{"start":{"line":121,"column":0},"end":{"line":121,"column":3}},"122":{"start":{"line":123,"column":0},"end":{"line":123,"column":29}},"123":{"start":{"line":124,"column":0},"end":{"line":124,"column":53}},"124":{"start":{"line":125,"column":0},"end":{"line":125,"column":53}},"125":{"start":{"line":126,"column":0},"end":{"line":126,"column":31}},"126":{"start":{"line":127,"column":0},"end":{"line":127,"column":6}},"127":{"start":{"line":128,"column":0},"end":{"line":128,"column":3}},"129":{"start":{"line":130,"column":0},"end":{"line":130,"column":28}},"130":{"start":{"line":131,"column":0},"end":{"line":131,"column":12}},"131":{"start":{"line":132,"column":0},"end":{"line":132,"column":53}},"132":{"start":{"line":133,"column":0},"end":{"line":133,"column":29}},"133":{"start":{"line":134,"column":0},"end":{"line":134,"column":65}},"134":{"start":{"line":135,"column":0},"end":{"line":135,"column":74}},"136":{"start":{"line":137,"column":0},"end":{"line":137,"column":36}},"137":{"start":{"line":138,"column":0},"end":{"line":138,"column":39}},"138":{"start":{"line":139,"column":0},"end":{"line":139,"column":37}},"139":{"start":{"line":140,"column":0},"end":{"line":140,"column":50}},"140":{"start":{"line":141,"column":0},"end":{"line":141,"column":24}},"141":{"start":{"line":142,"column":0},"end":{"line":142,"column":52}},"142":{"start":{"line":143,"column":0},"end":{"line":143,"column":13}},"143":{"start":{"line":144,"column":0},"end":{"line":144,"column":18}},"144":{"start":{"line":145,"column":0},"end":{"line":145,"column":34}},"145":{"start":{"line":146,"column":0},"end":{"line":146,"column":11}},"146":{"start":{"line":147,"column":0},"end":{"line":147,"column":9}},"148":{"start":{"line":149,"column":0},"end":{"line":149,"column":50}},"149":{"start":{"line":150,"column":0},"end":{"line":150,"column":65}},"150":{"start":{"line":151,"column":0},"end":{"line":151,"column":48}},"151":{"start":{"line":152,"column":0},"end":{"line":152,"column":56}},"152":{"start":{"line":153,"column":0},"end":{"line":153,"column":58}},"153":{"start":{"line":154,"column":0},"end":{"line":154,"column":46}},"154":{"start":{"line":155,"column":0},"end":{"line":155,"column":78}},"155":{"start":{"line":156,"column":0},"end":{"line":156,"column":12}},"156":{"start":{"line":157,"column":0},"end":{"line":157,"column":60}},"157":{"start":{"line":158,"column":0},"end":{"line":158,"column":50}},"158":{"start":{"line":159,"column":0},"end":{"line":159,"column":16}},"159":{"start":{"line":160,"column":0},"end":{"line":160,"column":56}},"160":{"start":{"line":161,"column":0},"end":{"line":161,"column":9}},"161":{"start":{"line":162,"column":0},"end":{"line":162,"column":9}},"162":{"start":{"line":163,"column":0},"end":{"line":163,"column":3}},"164":{"start":{"line":165,"column":0},"end":{"line":165,"column":24}},"165":{"start":{"line":166,"column":0},"end":{"line":166,"column":71}},"166":{"start":{"line":167,"column":0},"end":{"line":167,"column":72}},"167":{"start":{"line":168,"column":0},"end":{"line":168,"column":3}},"169":{"start":{"line":170,"column":0},"end":{"line":170,"column":27}},"170":{"start":{"line":171,"column":0},"end":{"line":171,"column":36}},"171":{"start":{"line":172,"column":0},"end":{"line":172,"column":39}},"172":{"start":{"line":173,"column":0},"end":{"line":173,"column":67}},"173":{"start":{"line":174,"column":0},"end":{"line":174,"column":48}},"174":{"start":{"line":175,"column":0},"end":{"line":175,"column":69}},"175":{"start":{"line":176,"column":0},"end":{"line":176,"column":44}},"176":{"start":{"line":177,"column":0},"end":{"line":177,"column":46}},"177":{"start":{"line":178,"column":0},"end":{"line":178,"column":5}},"178":{"start":{"line":179,"column":0},"end":{"line":179,"column":3}},"180":{"start":{"line":181,"column":0},"end":{"line":181,"column":35}},"181":{"start":{"line":182,"column":0},"end":{"line":182,"column":39}},"182":{"start":{"line":183,"column":0},"end":{"line":183,"column":57}},"183":{"start":{"line":184,"column":0},"end":{"line":184,"column":24}},"184":{"start":{"line":185,"column":0},"end":{"line":185,"column":59}},"185":{"start":{"line":186,"column":0},"end":{"line":186,"column":7}},"186":{"start":{"line":187,"column":0},"end":{"line":187,"column":48}},"187":{"start":{"line":188,"column":0},"end":{"line":188,"column":59}},"188":{"start":{"line":189,"column":0},"end":{"line":189,"column":24}},"189":{"start":{"line":190,"column":0},"end":{"line":190,"column":59}},"190":{"start":{"line":191,"column":0},"end":{"line":191,"column":7}},"191":{"start":{"line":192,"column":0},"end":{"line":192,"column":44}},"192":{"start":{"line":193,"column":0},"end":{"line":193,"column":72}},"193":{"start":{"line":194,"column":0},"end":{"line":194,"column":45}},"194":{"start":{"line":195,"column":0},"end":{"line":195,"column":5}},"195":{"start":{"line":196,"column":0},"end":{"line":196,"column":3}},"197":{"start":{"line":198,"column":0},"end":{"line":198,"column":72}},"198":{"start":{"line":199,"column":0},"end":{"line":199,"column":66}},"199":{"start":{"line":200,"column":0},"end":{"line":200,"column":32}},"200":{"start":{"line":201,"column":0},"end":{"line":201,"column":56}},"201":{"start":{"line":202,"column":0},"end":{"line":202,"column":35}},"202":{"start":{"line":203,"column":0},"end":{"line":203,"column":72}},"203":{"start":{"line":204,"column":0},"end":{"line":204,"column":5}},"204":{"start":{"line":205,"column":0},"end":{"line":205,"column":45}},"205":{"start":{"line":206,"column":0},"end":{"line":206,"column":61}},"206":{"start":{"line":207,"column":0},"end":{"line":207,"column":3}},"207":{"start":{"line":208,"column":0},"end":{"line":208,"column":1}},"209":{"start":{"line":210,"column":0},"end":{"line":210,"column":46}},"210":{"start":{"line":211,"column":0},"end":{"line":211,"column":14}},"211":{"start":{"line":212,"column":0},"end":{"line":212,"column":18}},"212":{"start":{"line":213,"column":0},"end":{"line":213,"column":44}},"213":{"start":{"line":214,"column":0},"end":{"line":214,"column":17}},"214":{"start":{"line":215,"column":0},"end":{"line":215,"column":24}},"215":{"start":{"line":216,"column":0},"end":{"line":216,"column":43}},"216":{"start":{"line":217,"column":0},"end":{"line":217,"column":3}},"218":{"start":{"line":219,"column":0},"end":{"line":219,"column":77}},"219":{"start":{"line":220,"column":0},"end":{"line":220,"column":34}},"221":{"start":{"line":222,"column":0},"end":{"line":222,"column":23}},"222":{"start":{"line":223,"column":0},"end":{"line":223,"column":1}},"224":{"start":{"line":225,"column":0},"end":{"line":225,"column":47}},"225":{"start":{"line":226,"column":0},"end":{"line":226,"column":51}},"226":{"start":{"line":227,"column":0},"end":{"line":227,"column":1}},"228":{"start":{"line":229,"column":0},"end":{"line":229,"column":60}},"229":{"start":{"line":230,"column":0},"end":{"line":230,"column":47}},"230":{"start":{"line":231,"column":0},"end":{"line":231,"column":60}},"231":{"start":{"line":232,"column":0},"end":{"line":232,"column":1}},"233":{"start":{"line":234,"column":0},"end":{"line":234,"column":49}},"234":{"start":{"line":235,"column":0},"end":{"line":235,"column":53}},"235":{"start":{"line":236,"column":0},"end":{"line":236,"column":1}},"237":{"start":{"line":238,"column":0},"end":{"line":238,"column":62}},"238":{"start":{"line":239,"column":0},"end":{"line":239,"column":49}},"239":{"start":{"line":240,"column":0},"end":{"line":240,"column":60}},"240":{"start":{"line":241,"column":0},"end":{"line":241,"column":1}},"242":{"start":{"line":243,"column":0},"end":{"line":243,"column":64}},"243":{"start":{"line":244,"column":0},"end":{"line":244,"column":34}},"244":{"start":{"line":245,"column":0},"end":{"line":245,"column":51}},"245":{"start":{"line":246,"column":0},"end":{"line":246,"column":41}},"246":{"start":{"line":247,"column":0},"end":{"line":247,"column":7}},"247":{"start":{"line":248,"column":0},"end":{"line":248,"column":48}},"248":{"start":{"line":249,"column":0},"end":{"line":249,"column":19}},"249":{"start":{"line":250,"column":0},"end":{"line":250,"column":79}},"250":{"start":{"line":251,"column":0},"end":{"line":251,"column":3}},"251":{"start":{"line":252,"column":0},"end":{"line":252,"column":1}},"253":{"start":{"line":254,"column":0},"end":{"line":254,"column":79}},"254":{"start":{"line":255,"column":0},"end":{"line":255,"column":34}},"255":{"start":{"line":256,"column":0},"end":{"line":256,"column":50}},"256":{"start":{"line":257,"column":0},"end":{"line":257,"column":41}},"257":{"start":{"line":258,"column":0},"end":{"line":258,"column":33}},"259":{"start":{"line":260,"column":0},"end":{"line":260,"column":35}},"260":{"start":{"line":261,"column":0},"end":{"line":261,"column":31}},"261":{"start":{"line":262,"column":0},"end":{"line":262,"column":80}},"262":{"start":{"line":263,"column":0},"end":{"line":263,"column":22}},"263":{"start":{"line":264,"column":0},"end":{"line":264,"column":6}},"264":{"start":{"line":265,"column":0},"end":{"line":265,"column":29}},"265":{"start":{"line":266,"column":0},"end":{"line":266,"column":72}},"266":{"start":{"line":267,"column":0},"end":{"line":267,"column":28}},"267":{"start":{"line":268,"column":0},"end":{"line":268,"column":6}},"268":{"start":{"line":269,"column":0},"end":{"line":269,"column":5}},"269":{"start":{"line":270,"column":0},"end":{"line":270,"column":1}},"271":{"start":{"line":272,"column":0},"end":{"line":272,"column":47}},"272":{"start":{"line":273,"column":0},"end":{"line":273,"column":43}},"273":{"start":{"line":274,"column":0},"end":{"line":274,"column":49}},"274":{"start":{"line":275,"column":0},"end":{"line":275,"column":37}},"275":{"start":{"line":276,"column":0},"end":{"line":276,"column":32}},"276":{"start":{"line":277,"column":0},"end":{"line":277,"column":52}},"277":{"start":{"line":278,"column":0},"end":{"line":278,"column":39}},"278":{"start":{"line":279,"column":0},"end":{"line":279,"column":7}},"279":{"start":{"line":280,"column":0},"end":{"line":280,"column":6}},"280":{"start":{"line":281,"column":0},"end":{"line":281,"column":54}},"281":{"start":{"line":282,"column":0},"end":{"line":282,"column":50}},"282":{"start":{"line":283,"column":0},"end":{"line":283,"column":5}},"283":{"start":{"line":284,"column":0},"end":{"line":284,"column":1}},"285":{"start":{"line":286,"column":0},"end":{"line":286,"column":56}},"286":{"start":{"line":287,"column":0},"end":{"line":287,"column":14}},"287":{"start":{"line":288,"column":0},"end":{"line":288,"column":18}},"288":{"start":{"line":289,"column":0},"end":{"line":289,"column":53}},"289":{"start":{"line":290,"column":0},"end":{"line":290,"column":44}},"290":{"start":{"line":291,"column":0},"end":{"line":291,"column":17}},"291":{"start":{"line":292,"column":0},"end":{"line":292,"column":24}},"292":{"start":{"line":293,"column":0},"end":{"line":293,"column":43}},"293":{"start":{"line":294,"column":0},"end":{"line":294,"column":3}},"295":{"start":{"line":296,"column":0},"end":{"line":296,"column":33}},"296":{"start":{"line":297,"column":0},"end":{"line":297,"column":34}},"298":{"start":{"line":299,"column":0},"end":{"line":299,"column":32}},"299":{"start":{"line":300,"column":0},"end":{"line":300,"column":50}},"300":{"start":{"line":301,"column":0},"end":{"line":301,"column":41}},"301":{"start":{"line":302,"column":0},"end":{"line":302,"column":52}},"302":{"start":{"line":303,"column":0},"end":{"line":303,"column":10}},"303":{"start":{"line":304,"column":0},"end":{"line":304,"column":54}},"304":{"start":{"line":305,"column":0},"end":{"line":305,"column":3}},"306":{"start":{"line":307,"column":0},"end":{"line":307,"column":41}},"307":{"start":{"line":308,"column":0},"end":{"line":308,"column":62}},"308":{"start":{"line":309,"column":0},"end":{"line":309,"column":8}},"309":{"start":{"line":310,"column":0},"end":{"line":310,"column":16}},"310":{"start":{"line":311,"column":0},"end":{"line":311,"column":13}},"311":{"start":{"line":312,"column":0},"end":{"line":312,"column":4}},"313":{"start":{"line":314,"column":0},"end":{"line":314,"column":34}},"315":{"start":{"line":316,"column":0},"end":{"line":316,"column":63}},"316":{"start":{"line":317,"column":0},"end":{"line":317,"column":40}},"317":{"start":{"line":318,"column":0},"end":{"line":318,"column":44}},"318":{"start":{"line":319,"column":0},"end":{"line":319,"column":33}},"319":{"start":{"line":320,"column":0},"end":{"line":320,"column":7}},"320":{"start":{"line":321,"column":0},"end":{"line":321,"column":10}},"321":{"start":{"line":322,"column":0},"end":{"line":322,"column":31}},"322":{"start":{"line":323,"column":0},"end":{"line":323,"column":3}},"324":{"start":{"line":325,"column":0},"end":{"line":325,"column":33}},"325":{"start":{"line":326,"column":0},"end":{"line":326,"column":50}},"327":{"start":{"line":328,"column":0},"end":{"line":328,"column":30}},"328":{"start":{"line":329,"column":0},"end":{"line":329,"column":66}},"329":{"start":{"line":330,"column":0},"end":{"line":330,"column":75}},"330":{"start":{"line":331,"column":0},"end":{"line":331,"column":46}},"331":{"start":{"line":332,"column":0},"end":{"line":332,"column":5}},"332":{"start":{"line":333,"column":0},"end":{"line":333,"column":5}},"334":{"start":{"line":335,"column":0},"end":{"line":335,"column":23}},"335":{"start":{"line":336,"column":0},"end":{"line":336,"column":1}}},"s":{"3":1,"4":1,"6":1,"7":1,"8":1,"12":1,"15":1,"16":14,"17":14,"18":14,"19":14,"20":14,"21":14,"22":14,"23":14,"25":14,"26":14,"27":17,"28":17,"29":0,"30":17,"31":0,"32":0,"33":0,"35":17,"36":17,"37":17,"39":17,"40":0,"41":0,"42":0,"44":17,"45":17,"46":14,"48":14,"49":14,"51":14,"52":14,"53":14,"54":14,"56":1,"57":22,"58":22,"60":1,"61":14,"62":14,"63":14,"64":0,"65":0,"66":0,"68":14,"69":0,"70":0,"71":0,"72":0,"73":14,"74":14,"75":14,"77":14,"78":14,"80":14,"81":0,"82":0,"83":0,"84":14,"86":1,"87":0,"88":0,"89":0,"90":0,"91":0,"92":0,"93":0,"95":1,"96":14,"97":14,"98":0,"99":0,"100":0,"101":0,"102":0,"103":14,"105":1,"106":0,"107":0,"108":0,"109":0,"110":0,"111":0,"113":1,"114":14,"115":14,"116":14,"117":14,"118":14,"120":14,"122":1,"123":31,"124":31,"125":0,"126":31,"127":31,"129":1,"130":60,"131":60,"132":60,"133":3,"134":3,"136":3,"137":3,"138":3,"139":0,"140":0,"141":0,"142":0,"143":3,"144":3,"145":3,"146":3,"148":3,"149":3,"150":0,"151":3,"152":3,"153":0,"154":0,"155":0,"156":0,"157":0,"158":0,"159":0,"160":0,"161":60,"162":60,"164":1,"165":14,"166":14,"167":14,"169":1,"170":0,"171":0,"172":0,"173":0,"174":0,"175":0,"176":0,"177":0,"178":0,"180":1,"181":14,"182":4,"183":4,"184":2,"185":2,"186":14,"187":2,"188":2,"189":1,"190":1,"191":10,"192":0,"193":0,"194":0,"195":14,"197":1,"198":12,"199":12,"200":0,"201":0,"202":0,"203":0,"204":12,"205":12,"206":12,"207":1,"209":1,"210":32,"211":32,"212":32,"213":32,"214":32,"215":24,"216":24,"218":8,"219":8,"221":8,"222":8,"224":4,"225":4,"226":4,"228":4,"229":4,"230":4,"231":4,"233":2,"234":2,"235":2,"237":2,"238":2,"239":2,"240":2,"242":0,"243":0,"244":0,"245":0,"246":0,"247":0,"248":0,"249":0,"250":0,"251":0,"253":0,"254":0,"255":0,"256":0,"257":0,"259":0,"260":0,"261":0,"262":0,"263":0,"264":0,"265":0,"266":0,"267":0,"268":0,"269":0,"271":0,"272":0,"273":0,"274":0,"275":0,"276":0,"277":0,"278":0,"279":0,"280":0,"281":0,"282":0,"283":0,"285":1,"286":7,"287":7,"288":7,"289":7,"290":7,"291":7,"292":1,"293":1,"295":6,"296":6,"298":7,"299":4,"300":7,"301":2,"302":2,"303":0,"304":0,"306":6,"307":7,"308":7,"309":7,"310":7,"311":7,"313":7,"315":7,"316":0,"317":0,"318":0,"319":0,"320":7,"321":6,"322":6,"324":6,"325":6,"327":6,"328":6,"329":2,"330":0,"331":6,"332":6,"334":6,"335":6},"branchMap":{"0":{"type":"branch","line":16,"loc":{"start":{"line":16,"column":2},"end":{"line":55,"column":3}},"locations":[{"start":{"line":16,"column":2},"end":{"line":55,"column":3}}]},"1":{"type":"branch","line":27,"loc":{"start":{"line":27,"column":11},"end":{"line":46,"column":8}},"locations":[{"start":{"line":27,"column":11},"end":{"line":46,"column":8}}]},"2":{"type":"branch","line":29,"loc":{"start":{"line":29,"column":15},"end":{"line":30,"column":73}},"locations":[{"start":{"line":29,"column":15},"end":{"line":30,"column":73}}]},"3":{"type":"branch","line":31,"loc":{"start":{"line":31,"column":10},"end":{"line":34,"column":9}},"locations":[{"start":{"line":31,"column":10},"end":{"line":34,"column":9}}]},"4":{"type":"branch","line":40,"loc":{"start":{"line":40,"column":17},"end":{"line":40,"column":58}},"locations":[{"start":{"line":40,"column":17},"end":{"line":40,"column":58}}]},"5":{"type":"branch","line":40,"loc":{"start":{"line":40,"column":58},"end":{"line":43,"column":9}},"locations":[{"start":{"line":40,"column":58},"end":{"line":43,"column":9}}]},"6":{"type":"branch","line":52,"loc":{"start":{"line":52,"column":32},"end":{"line":54,"column":5}},"locations":[{"start":{"line":52,"column":32},"end":{"line":54,"column":5}}]},"7":{"type":"branch","line":57,"loc":{"start":{"line":57,"column":2},"end":{"line":59,"column":3}},"locations":[{"start":{"line":57,"column":2},"end":{"line":59,"column":3}}]},"8":{"type":"branch","line":61,"loc":{"start":{"line":61,"column":2},"end":{"line":85,"column":3}},"locations":[{"start":{"line":61,"column":2},"end":{"line":85,"column":3}}]},"9":{"type":"branch","line":64,"loc":{"start":{"line":64,"column":13},"end":{"line":64,"column":66}},"locations":[{"start":{"line":64,"column":13},"end":{"line":64,"column":66}}]},"10":{"type":"branch","line":64,"loc":{"start":{"line":64,"column":66},"end":{"line":67,"column":5}},"locations":[{"start":{"line":64,"column":66},"end":{"line":67,"column":5}}]},"11":{"type":"branch","line":69,"loc":{"start":{"line":69,"column":39},"end":{"line":74,"column":11}},"locations":[{"start":{"line":69,"column":39},"end":{"line":74,"column":11}}]},"12":{"type":"branch","line":81,"loc":{"start":{"line":81,"column":13},"end":{"line":81,"column":54}},"locations":[{"start":{"line":81,"column":13},"end":{"line":81,"column":54}}]},"13":{"type":"branch","line":81,"loc":{"start":{"line":81,"column":54},"end":{"line":84,"column":5}},"locations":[{"start":{"line":81,"column":54},"end":{"line":84,"column":5}}]},"14":{"type":"branch","line":96,"loc":{"start":{"line":96,"column":10},"end":{"line":104,"column":3}},"locations":[{"start":{"line":96,"column":10},"end":{"line":104,"column":3}}]},"15":{"type":"branch","line":114,"loc":{"start":{"line":114,"column":10},"end":{"line":121,"column":3}},"locations":[{"start":{"line":114,"column":10},"end":{"line":121,"column":3}}]},"16":{"type":"branch","line":123,"loc":{"start":{"line":123,"column":10},"end":{"line":128,"column":3}},"locations":[{"start":{"line":123,"column":10},"end":{"line":128,"column":3}}]},"17":{"type":"branch","line":124,"loc":{"start":{"line":124,"column":27},"end":{"line":124,"column":51}},"locations":[{"start":{"line":124,"column":27},"end":{"line":124,"column":51}}]},"18":{"type":"branch","line":130,"loc":{"start":{"line":130,"column":10},"end":{"line":163,"column":3}},"locations":[{"start":{"line":130,"column":10},"end":{"line":163,"column":3}}]},"19":{"type":"branch","line":133,"loc":{"start":{"line":133,"column":15},"end":{"line":162,"column":7}},"locations":[{"start":{"line":133,"column":15},"end":{"line":162,"column":7}}]},"20":{"type":"branch","line":134,"loc":{"start":{"line":134,"column":57},"end":{"line":134,"column":65}},"locations":[{"start":{"line":134,"column":57},"end":{"line":134,"column":65}}]},"21":{"type":"branch","line":139,"loc":{"start":{"line":139,"column":36},"end":{"line":144,"column":17}},"locations":[{"start":{"line":139,"column":36},"end":{"line":144,"column":17}}]},"22":{"type":"branch","line":150,"loc":{"start":{"line":150,"column":58},"end":{"line":151,"column":48}},"locations":[{"start":{"line":150,"column":58},"end":{"line":151,"column":48}}]},"23":{"type":"branch","line":152,"loc":{"start":{"line":152,"column":47},"end":{"line":152,"column":56}},"locations":[{"start":{"line":152,"column":47},"end":{"line":152,"column":56}}]},"24":{"type":"branch","line":153,"loc":{"start":{"line":153,"column":8},"end":{"line":161,"column":9}},"locations":[{"start":{"line":153,"column":8},"end":{"line":161,"column":9}}]},"25":{"type":"branch","line":165,"loc":{"start":{"line":165,"column":10},"end":{"line":168,"column":3}},"locations":[{"start":{"line":165,"column":10},"end":{"line":168,"column":3}}]},"26":{"type":"branch","line":166,"loc":{"start":{"line":166,"column":42},"end":{"line":166,"column":69}},"locations":[{"start":{"line":166,"column":42},"end":{"line":166,"column":69}}]},"27":{"type":"branch","line":181,"loc":{"start":{"line":181,"column":2},"end":{"line":196,"column":3}},"locations":[{"start":{"line":181,"column":2},"end":{"line":196,"column":3}}]},"28":{"type":"branch","line":182,"loc":{"start":{"line":182,"column":38},"end":{"line":187,"column":15}},"locations":[{"start":{"line":182,"column":38},"end":{"line":187,"column":15}}]},"29":{"type":"branch","line":184,"loc":{"start":{"line":184,"column":23},"end":{"line":186,"column":7}},"locations":[{"start":{"line":184,"column":23},"end":{"line":186,"column":7}}]},"30":{"type":"branch","line":187,"loc":{"start":{"line":187,"column":4},"end":{"line":195,"column":5}},"locations":[{"start":{"line":187,"column":4},"end":{"line":195,"column":5}}]},"31":{"type":"branch","line":187,"loc":{"start":{"line":187,"column":47},"end":{"line":192,"column":15}},"locations":[{"start":{"line":187,"column":47},"end":{"line":192,"column":15}}]},"32":{"type":"branch","line":189,"loc":{"start":{"line":189,"column":23},"end":{"line":191,"column":7}},"locations":[{"start":{"line":189,"column":23},"end":{"line":191,"column":7}}]},"33":{"type":"branch","line":192,"loc":{"start":{"line":192,"column":4},"end":{"line":195,"column":5}},"locations":[{"start":{"line":192,"column":4},"end":{"line":195,"column":5}}]},"34":{"type":"branch","line":192,"loc":{"start":{"line":192,"column":43},"end":{"line":195,"column":5}},"locations":[{"start":{"line":192,"column":43},"end":{"line":195,"column":5}}]},"35":{"type":"branch","line":198,"loc":{"start":{"line":198,"column":2},"end":{"line":207,"column":3}},"locations":[{"start":{"line":198,"column":2},"end":{"line":207,"column":3}}]},"36":{"type":"branch","line":200,"loc":{"start":{"line":200,"column":31},"end":{"line":204,"column":5}},"locations":[{"start":{"line":200,"column":31},"end":{"line":204,"column":5}}]},"37":{"type":"branch","line":206,"loc":{"start":{"line":206,"column":11},"end":{"line":206,"column":61}},"locations":[{"start":{"line":206,"column":11},"end":{"line":206,"column":61}}]},"38":{"type":"branch","line":210,"loc":{"start":{"line":210,"column":7},"end":{"line":223,"column":1}},"locations":[{"start":{"line":210,"column":7},"end":{"line":223,"column":1}}]},"39":{"type":"branch","line":215,"loc":{"start":{"line":215,"column":23},"end":{"line":217,"column":3}},"locations":[{"start":{"line":215,"column":23},"end":{"line":217,"column":3}}]},"40":{"type":"branch","line":217,"loc":{"start":{"line":217,"column":2},"end":{"line":223,"column":1}},"locations":[{"start":{"line":217,"column":2},"end":{"line":223,"column":1}}]},"41":{"type":"branch","line":225,"loc":{"start":{"line":225,"column":0},"end":{"line":227,"column":1}},"locations":[{"start":{"line":225,"column":0},"end":{"line":227,"column":1}}]},"42":{"type":"branch","line":229,"loc":{"start":{"line":229,"column":0},"end":{"line":232,"column":1}},"locations":[{"start":{"line":229,"column":0},"end":{"line":232,"column":1}}]},"43":{"type":"branch","line":231,"loc":{"start":{"line":231,"column":9},"end":{"line":231,"column":47}},"locations":[{"start":{"line":231,"column":9},"end":{"line":231,"column":47}}]},"44":{"type":"branch","line":231,"loc":{"start":{"line":231,"column":43},"end":{"line":231,"column":60}},"locations":[{"start":{"line":231,"column":43},"end":{"line":231,"column":60}}]},"45":{"type":"branch","line":234,"loc":{"start":{"line":234,"column":0},"end":{"line":236,"column":1}},"locations":[{"start":{"line":234,"column":0},"end":{"line":236,"column":1}}]},"46":{"type":"branch","line":238,"loc":{"start":{"line":238,"column":0},"end":{"line":241,"column":1}},"locations":[{"start":{"line":238,"column":0},"end":{"line":241,"column":1}}]},"47":{"type":"branch","line":240,"loc":{"start":{"line":240,"column":9},"end":{"line":240,"column":47}},"locations":[{"start":{"line":240,"column":9},"end":{"line":240,"column":47}}]},"48":{"type":"branch","line":240,"loc":{"start":{"line":240,"column":43},"end":{"line":240,"column":60}},"locations":[{"start":{"line":240,"column":43},"end":{"line":240,"column":60}}]},"49":{"type":"branch","line":286,"loc":{"start":{"line":286,"column":7},"end":{"line":336,"column":1}},"locations":[{"start":{"line":286,"column":7},"end":{"line":336,"column":1}}]},"50":{"type":"branch","line":292,"loc":{"start":{"line":292,"column":23},"end":{"line":294,"column":3}},"locations":[{"start":{"line":292,"column":23},"end":{"line":294,"column":3}}]},"51":{"type":"branch","line":294,"loc":{"start":{"line":294,"column":2},"end":{"line":299,"column":31}},"locations":[{"start":{"line":294,"column":2},"end":{"line":299,"column":31}}]},"52":{"type":"branch","line":299,"loc":{"start":{"line":299,"column":31},"end":{"line":301,"column":13}},"locations":[{"start":{"line":299,"column":31},"end":{"line":301,"column":13}}]},"53":{"type":"branch","line":301,"loc":{"start":{"line":301,"column":2},"end":{"line":305,"column":3}},"locations":[{"start":{"line":301,"column":2},"end":{"line":305,"column":3}}]},"54":{"type":"branch","line":303,"loc":{"start":{"line":303,"column":2},"end":{"line":305,"column":3}},"locations":[{"start":{"line":303,"column":2},"end":{"line":305,"column":3}}]},"55":{"type":"branch","line":305,"loc":{"start":{"line":305,"column":2},"end":{"line":308,"column":36}},"locations":[{"start":{"line":305,"column":2},"end":{"line":308,"column":36}}]},"56":{"type":"branch","line":308,"loc":{"start":{"line":308,"column":26},"end":{"line":308,"column":51}},"locations":[{"start":{"line":308,"column":26},"end":{"line":308,"column":51}}]},"57":{"type":"branch","line":308,"loc":{"start":{"line":308,"column":36},"end":{"line":308,"column":62}},"locations":[{"start":{"line":308,"column":36},"end":{"line":308,"column":62}}]},"58":{"type":"branch","line":316,"loc":{"start":{"line":316,"column":22},"end":{"line":316,"column":62}},"locations":[{"start":{"line":316,"column":22},"end":{"line":316,"column":62}}]},"59":{"type":"branch","line":316,"loc":{"start":{"line":316,"column":62},"end":{"line":321,"column":9}},"locations":[{"start":{"line":316,"column":62},"end":{"line":321,"column":9}}]},"60":{"type":"branch","line":321,"loc":{"start":{"line":321,"column":2},"end":{"line":336,"column":1}},"locations":[{"start":{"line":321,"column":2},"end":{"line":336,"column":1}}]},"61":{"type":"branch","line":325,"loc":{"start":{"line":325,"column":26},"end":{"line":333,"column":3}},"locations":[{"start":{"line":325,"column":26},"end":{"line":333,"column":3}}]},"62":{"type":"branch","line":329,"loc":{"start":{"line":329,"column":35},"end":{"line":329,"column":66}},"locations":[{"start":{"line":329,"column":35},"end":{"line":329,"column":66}}]},"63":{"type":"branch","line":329,"loc":{"start":{"line":329,"column":64},"end":{"line":331,"column":46}},"locations":[{"start":{"line":329,"column":64},"end":{"line":331,"column":46}}]},"64":{"type":"branch","line":330,"loc":{"start":{"line":330,"column":73},"end":{"line":331,"column":46}},"locations":[{"start":{"line":330,"column":73},"end":{"line":331,"column":46}}]}},"b":{"0":[14],"1":[17],"2":[0],"3":[0],"4":[6],"5":[0],"6":[14],"7":[22],"8":[14],"9":[0],"10":[0],"11":[0],"12":[6],"13":[0],"14":[14],"15":[14],"16":[31],"17":[22],"18":[60],"19":[3],"20":[0],"21":[0],"22":[0],"23":[0],"24":[0],"25":[14],"26":[29],"27":[14],"28":[4],"29":[2],"30":[10],"31":[2],"32":[1],"33":[8],"34":[0],"35":[12],"36":[0],"37":[2],"38":[32],"39":[24],"40":[8],"41":[4],"42":[4],"43":[2],"44":[2],"45":[2],"46":[2],"47":[1],"48":[1],"49":[7],"50":[1],"51":[6],"52":[4],"53":[2],"54":[0],"55":[6],"56":[0],"57":[6],"58":[0],"59":[0],"60":[6],"61":[6],"62":[4],"63":[2],"64":[0]},"fnMap":{"0":{"name":"TSFWState","decl":{"start":{"line":16,"column":2},"end":{"line":55,"column":3}},"loc":{"start":{"line":16,"column":2},"end":{"line":55,"column":3}},"line":16},"1":{"name":"set","decl":{"start":{"line":27,"column":11},"end":{"line":46,"column":8}},"loc":{"start":{"line":27,"column":11},"end":{"line":46,"column":8}},"line":27},"2":{"name":"getState","decl":{"start":{"line":57,"column":2},"end":{"line":59,"column":3}},"loc":{"start":{"line":57,"column":2},"end":{"line":59,"column":3}},"line":57},"3":{"name":"setState","decl":{"start":{"line":61,"column":2},"end":{"line":85,"column":3}},"loc":{"start":{"line":61,"column":2},"end":{"line":85,"column":3}},"line":61},"4":{"name":"broadcastState","decl":{"start":{"line":87,"column":10},"end":{"line":94,"column":3}},"loc":{"start":{"line":87,"column":10},"end":{"line":94,"column":3}},"line":87},"5":{"name":"listenForBroadcast","decl":{"start":{"line":96,"column":10},"end":{"line":104,"column":3}},"loc":{"start":{"line":96,"column":10},"end":{"line":104,"column":3}},"line":96},"6":{"name":"listenerChannel.onmessage","decl":{"start":{"line":98,"column":32},"end":{"line":103,"column":6}},"loc":{"start":{"line":98,"column":32},"end":{"line":103,"column":6}},"line":98},"7":{"name":"applyBroadcast","decl":{"start":{"line":106,"column":10},"end":{"line":112,"column":3}},"loc":{"start":{"line":106,"column":10},"end":{"line":112,"column":3}},"line":106},"8":{"name":"isIndexedUpdate","decl":{"start":{"line":114,"column":10},"end":{"line":121,"column":3}},"loc":{"start":{"line":114,"column":10},"end":{"line":121,"column":3}},"line":114},"9":{"name":"notifyListeners","decl":{"start":{"line":123,"column":10},"end":{"line":128,"column":3}},"loc":{"start":{"line":123,"column":10},"end":{"line":128,"column":3}},"line":123},"10":{"name":"renderBindings","decl":{"start":{"line":130,"column":10},"end":{"line":163,"column":3}},"loc":{"start":{"line":130,"column":10},"end":{"line":163,"column":3}},"line":130},"11":{"name":"observeDOM","decl":{"start":{"line":165,"column":10},"end":{"line":168,"column":3}},"loc":{"start":{"line":165,"column":10},"end":{"line":168,"column":3}},"line":165},"12":{"name":"saveToStorage","decl":{"start":{"line":170,"column":10},"end":{"line":179,"column":3}},"loc":{"start":{"line":170,"column":10},"end":{"line":179,"column":3}},"line":170},"13":{"name":"loadFromStorage","decl":{"start":{"line":181,"column":2},"end":{"line":196,"column":3}},"loc":{"start":{"line":181,"column":2},"end":{"line":196,"column":3}},"line":181},"14":{"name":"subscribe","decl":{"start":{"line":198,"column":2},"end":{"line":207,"column":3}},"loc":{"start":{"line":198,"column":2},"end":{"line":207,"column":3}},"line":198},"15":{"name":"createState","decl":{"start":{"line":210,"column":7},"end":{"line":223,"column":1}},"loc":{"start":{"line":210,"column":7},"end":{"line":223,"column":1}},"line":210},"16":{"name":"saveToLocal","decl":{"start":{"line":225,"column":0},"end":{"line":227,"column":1}},"loc":{"start":{"line":225,"column":0},"end":{"line":227,"column":1}},"line":225},"17":{"name":"loadFromLocal","decl":{"start":{"line":229,"column":0},"end":{"line":232,"column":1}},"loc":{"start":{"line":229,"column":0},"end":{"line":232,"column":1}},"line":229},"18":{"name":"saveToSession","decl":{"start":{"line":234,"column":0},"end":{"line":236,"column":1}},"loc":{"start":{"line":234,"column":0},"end":{"line":236,"column":1}},"line":234},"19":{"name":"loadFromSession","decl":{"start":{"line":238,"column":0},"end":{"line":241,"column":1}},"loc":{"start":{"line":238,"column":0},"end":{"line":241,"column":1}},"line":238},"20":{"name":"saveToIndexedDB","decl":{"start":{"line":243,"column":0},"end":{"line":252,"column":1}},"loc":{"start":{"line":243,"column":0},"end":{"line":252,"column":1}},"line":243},"21":{"name":"loadFromIndexedDB","decl":{"start":{"line":254,"column":0},"end":{"line":270,"column":1}},"loc":{"start":{"line":254,"column":0},"end":{"line":270,"column":1}},"line":254},"22":{"name":"openDatabase","decl":{"start":{"line":272,"column":0},"end":{"line":284,"column":1}},"loc":{"start":{"line":272,"column":0},"end":{"line":284,"column":1}},"line":272},"23":{"name":"createPersistentState","decl":{"start":{"line":286,"column":7},"end":{"line":336,"column":1}},"loc":{"start":{"line":286,"column":7},"end":{"line":336,"column":1}},"line":286}},"f":{"0":14,"1":17,"2":22,"3":14,"4":0,"5":14,"6":0,"7":0,"8":14,"9":31,"10":60,"11":14,"12":0,"13":14,"14":12,"15":32,"16":4,"17":4,"18":2,"19":2,"20":0,"21":0,"22":0,"23":7}}
}
